\BOOKMARK [0][-]{chapter.1}{Introduction}{}% 1
\BOOKMARK [0][-]{chapter.2}{Background}{}% 2
\BOOKMARK [1][-]{section.2.1}{Types of Image Spam}{chapter.2}% 3
\BOOKMARK [1][-]{section.2.2}{Spam Detection Techniques}{chapter.2}% 4
\BOOKMARK [1][-]{section.2.3}{Related Work}{chapter.2}% 5
\BOOKMARK [0][-]{chapter.3}{Image Processing}{}% 6
\BOOKMARK [1][-]{section.3.1}{Image Features}{chapter.3}% 7
\BOOKMARK [1][-]{section.3.2}{Feature Selection}{chapter.3}% 8
\BOOKMARK [0][-]{chapter.4}{Datasets}{}% 9
\BOOKMARK [1][-]{section.4.1}{Dataset 1}{chapter.4}% 10
\BOOKMARK [1][-]{section.4.2}{Dataset 2}{chapter.4}% 11
\BOOKMARK [1][-]{section.4.3}{Dataset 3}{chapter.4}% 12
\BOOKMARK [0][-]{chapter.5}{Support Vector Machines \(SVM\)}{}% 13
\BOOKMARK [1][-]{section.5.1}{SVM Model}{chapter.5}% 14
\BOOKMARK [2][-]{subsection.5.1.1}{Training Phase}{section.5.1}% 15
\BOOKMARK [2][-]{subsection.5.1.2}{Testing Phase}{section.5.1}% 16
\BOOKMARK [1][-]{section.5.2}{Feature Selection}{chapter.5}% 17
\BOOKMARK [2][-]{subsection.5.2.1}{Recursive Feature Elimination}{section.5.2}% 18
\BOOKMARK [2][-]{subsection.5.2.2}{Univariate Feature Selection}{section.5.2}% 19
\BOOKMARK [1][-]{section.5.3}{Scoring Metrics}{chapter.5}% 20
\BOOKMARK [2][-]{subsection.5.3.1}{Confusion Matrix}{section.5.3}% 21
\BOOKMARK [2][-]{subsection.5.3.2}{Receiver Operating Characteristic\(ROC\) Curve}{section.5.3}% 22
\BOOKMARK [0][-]{chapter.6}{Environmental Setup}{}% 23
\BOOKMARK [0][-]{chapter.7}{Synthetic Dataset Generation}{}% 24
\BOOKMARK [0][-]{chapter.8}{Support Vector Machines \(SVM\) - Experiments}{}% 25
\BOOKMARK [1][-]{section.8.1}{Experiments}{chapter.8}% 26
\BOOKMARK [2][-]{subsection.8.1.1}{Dataset 1}{section.8.1}% 27
\BOOKMARK [2][-]{subsection.8.1.2}{Dataset 2}{section.8.1}% 28
\BOOKMARK [2][-]{subsection.8.1.3}{Dataset 3}{section.8.1}% 29
\BOOKMARK [1][-]{section.8.2}{Feature Selection}{chapter.8}% 30
\BOOKMARK [2][-]{subsection.8.2.1}{Recursive Feature Elimination}{section.8.2}% 31
\BOOKMARK [2][-]{subsection.8.2.2}{Univariate Feature Selection}{section.8.2}% 32
\BOOKMARK [0][-]{chapter.9}{Conclusion and Future Work}{}% 33
\BOOKMARK [0][-]{chapter*.31}{LIST OF REFERENCES}{}% 34
\BOOKMARK [0][-]{appendix.A}{Feature value comparison scatter plots for test dataset}{}% 35
