This is pdfTeX, Version 3.14159265-2.6-1.40.17 (MiKTeX 2.9.6100 64-bit) (preloaded format=pdflatex 2016.11.20)  23 APR 2017 02:06
entering extended mode
**./thesis.tex
(thesis.tex
LaTeX2e <2016/03/31> patch level 3
Babel <3.9r> and hyphenation patterns for 75 language(s) loaded.
(urithesis.cls
Document Class: urithesis 2011/08/23 v 1.13 San Jose State University thesis fo
rmat
("C:\Program Files\MiKTeX 2.9\tex\latex\base\report.cls"
Document Class: report 2014/09/29 v1.4h Standard LaTeX document class
("C:\Program Files\MiKTeX 2.9\tex\latex\base\size12.clo"
File: size12.clo 2014/09/29 v1.4h Standard LaTeX file (size option)
)
\c@part=\count79
\c@chapter=\count80
\c@section=\count81
\c@subsection=\count82
\c@subsubsection=\count83
\c@paragraph=\count84
\c@subparagraph=\count85
\c@figure=\count86
\c@table=\count87
\abovecaptionskip=\skip41
\belowcaptionskip=\skip42
\bibindent=\dimen102
)
\@realheadsep=\skip43
\@realtextheight=\skip44
\@altheadsep=\skip45
\@alttextheight=\skip46
\@fullheadheight=\skip47
\@headtofootheight=\skip48
\c@chaptercitecount=\count88
\c@totaltablecount=\count89
\c@totalfigurecount=\count90
)
("C:\Program Files\MiKTeX 2.9\tex\latex\amsmath\amsmath.sty"
Package: amsmath 2016/06/28 v2.15d AMS math features
\@mathmargin=\skip49

For additional information on amsmath, use the `?' option.
("C:\Program Files\MiKTeX 2.9\tex\latex\amsmath\amstext.sty"
Package: amstext 2000/06/29 v2.01 AMS text

("C:\Program Files\MiKTeX 2.9\tex\latex\amsmath\amsgen.sty"
File: amsgen.sty 1999/11/30 v2.0 generic functions
\@emptytoks=\toks14
\ex@=\dimen103
))
("C:\Program Files\MiKTeX 2.9\tex\latex\amsmath\amsbsy.sty"
Package: amsbsy 1999/11/29 v1.2d Bold Symbols
\pmbraise@=\dimen104
)
("C:\Program Files\MiKTeX 2.9\tex\latex\amsmath\amsopn.sty"
Package: amsopn 2016/03/08 v2.02 operator names
)
\inf@bad=\count91
LaTeX Info: Redefining \frac on input line 199.
\uproot@=\count92
\leftroot@=\count93
LaTeX Info: Redefining \overline on input line 297.
\classnum@=\count94
\DOTSCASE@=\count95
LaTeX Info: Redefining \ldots on input line 394.
LaTeX Info: Redefining \dots on input line 397.
LaTeX Info: Redefining \cdots on input line 518.
\Mathstrutbox@=\box26
\strutbox@=\box27
\big@size=\dimen105
LaTeX Font Info:    Redeclaring font encoding OML on input line 634.
LaTeX Font Info:    Redeclaring font encoding OMS on input line 635.
\macc@depth=\count96
\c@MaxMatrixCols=\count97
\dotsspace@=\muskip10
\c@parentequation=\count98
\dspbrk@lvl=\count99
\tag@help=\toks15
\row@=\count100
\column@=\count101
\maxfields@=\count102
\andhelp@=\toks16
\eqnshift@=\dimen106
\alignsep@=\dimen107
\tagshift@=\dimen108
\tagwidth@=\dimen109
\totwidth@=\dimen110
\lineht@=\dimen111
\@envbody=\toks17
\multlinegap=\skip50
\multlinetaggap=\skip51
\mathdisplay@stack=\toks18
LaTeX Info: Redefining \[ on input line 2739.
LaTeX Info: Redefining \] on input line 2740.
)
("C:\Program Files\MiKTeX 2.9\tex\latex\amscls\amsthm.sty"
Package: amsthm 2015/03/04 v2.20.2
\thm@style=\toks19
\thm@bodyfont=\toks20
\thm@headfont=\toks21
\thm@notefont=\toks22
\thm@headpunct=\toks23
\thm@preskip=\skip52
\thm@postskip=\skip53
\thm@headsep=\skip54
\dth@everypar=\toks24
)
("C:\Program Files\MiKTeX 2.9\tex\latex\amsfonts\amsfonts.sty"
Package: amsfonts 2013/01/14 v3.01 Basic AMSFonts support
\symAMSa=\mathgroup4
\symAMSb=\mathgroup5
LaTeX Font Info:    Overwriting math alphabet `\mathfrak' in version `bold'
(Font)                  U/euf/m/n --> U/euf/b/n on input line 106.
)
("C:\Program Files\MiKTeX 2.9\tex\latex\amsfonts\amssymb.sty"
Package: amssymb 2013/01/14 v3.01 AMS font symbols
)
("C:\Program Files\MiKTeX 2.9\tex\latex\amsmath\amsxtra.sty"
Package: amsxtra 1999/11/15 v1.2c AMS extra commands
LaTeX Info: Redefining \nobreakspace on input line 54.
)
("C:\Program Files\MiKTeX 2.9\tex\latex\base\textcomp.sty"
Package: textcomp 2016/06/19 v1.99m Standard LaTeX package
Package textcomp Info: Sub-encoding information:
(textcomp)               5 = only ISO-Adobe without \textcurrency
(textcomp)               4 = 5 + \texteuro
(textcomp)               3 = 4 + \textohm
(textcomp)               2 = 3 + \textestimated + \textcurrency
(textcomp)               1 = TS1 - \textcircled - \t
(textcomp)               0 = TS1 (full)
(textcomp)             Font families with sub-encoding setting implement
(textcomp)             only a restricted character set as indicated.
(textcomp)             Family '?' is the default used for unknown fonts.
(textcomp)             See the documentation for details.
Package textcomp Info: Setting ? sub-encoding to TS1/1 on input line 79.

("C:\Program Files\MiKTeX 2.9\tex\latex\base\ts1enc.def"
File: ts1enc.def 2001/06/05 v3.0e (jk/car/fm) Standard LaTeX file
)
LaTeX Info: Redefining \oldstylenums on input line 334.
Package textcomp Info: Setting cmr sub-encoding to TS1/0 on input line 349.
Package textcomp Info: Setting cmss sub-encoding to TS1/0 on input line 350.
Package textcomp Info: Setting cmtt sub-encoding to TS1/0 on input line 351.
Package textcomp Info: Setting cmvtt sub-encoding to TS1/0 on input line 352.
Package textcomp Info: Setting cmbr sub-encoding to TS1/0 on input line 353.
Package textcomp Info: Setting cmtl sub-encoding to TS1/0 on input line 354.
Package textcomp Info: Setting ccr sub-encoding to TS1/0 on input line 355.
Package textcomp Info: Setting ptm sub-encoding to TS1/4 on input line 356.
Package textcomp Info: Setting pcr sub-encoding to TS1/4 on input line 357.
Package textcomp Info: Setting phv sub-encoding to TS1/4 on input line 358.
Package textcomp Info: Setting ppl sub-encoding to TS1/3 on input line 359.
Package textcomp Info: Setting pag sub-encoding to TS1/4 on input line 360.
Package textcomp Info: Setting pbk sub-encoding to TS1/4 on input line 361.
Package textcomp Info: Setting pnc sub-encoding to TS1/4 on input line 362.
Package textcomp Info: Setting pzc sub-encoding to TS1/4 on input line 363.
Package textcomp Info: Setting bch sub-encoding to TS1/4 on input line 364.
Package textcomp Info: Setting put sub-encoding to TS1/5 on input line 365.
Package textcomp Info: Setting uag sub-encoding to TS1/5 on input line 366.
Package textcomp Info: Setting ugq sub-encoding to TS1/5 on input line 367.
Package textcomp Info: Setting ul8 sub-encoding to TS1/4 on input line 368.
Package textcomp Info: Setting ul9 sub-encoding to TS1/4 on input line 369.
Package textcomp Info: Setting augie sub-encoding to TS1/5 on input line 370.
Package textcomp Info: Setting dayrom sub-encoding to TS1/3 on input line 371.
Package textcomp Info: Setting dayroms sub-encoding to TS1/3 on input line 372.

Package textcomp Info: Setting pxr sub-encoding to TS1/0 on input line 373.
Package textcomp Info: Setting pxss sub-encoding to TS1/0 on input line 374.
Package textcomp Info: Setting pxtt sub-encoding to TS1/0 on input line 375.
Package textcomp Info: Setting txr sub-encoding to TS1/0 on input line 376.
Package textcomp Info: Setting txss sub-encoding to TS1/0 on input line 377.
Package textcomp Info: Setting txtt sub-encoding to TS1/0 on input line 378.
Package textcomp Info: Setting lmr sub-encoding to TS1/0 on input line 379.
Package textcomp Info: Setting lmdh sub-encoding to TS1/0 on input line 380.
Package textcomp Info: Setting lmss sub-encoding to TS1/0 on input line 381.
Package textcomp Info: Setting lmssq sub-encoding to TS1/0 on input line 382.
Package textcomp Info: Setting lmvtt sub-encoding to TS1/0 on input line 383.
Package textcomp Info: Setting lmtt sub-encoding to TS1/0 on input line 384.
Package textcomp Info: Setting qhv sub-encoding to TS1/0 on input line 385.
Package textcomp Info: Setting qag sub-encoding to TS1/0 on input line 386.
Package textcomp Info: Setting qbk sub-encoding to TS1/0 on input line 387.
Package textcomp Info: Setting qcr sub-encoding to TS1/0 on input line 388.
Package textcomp Info: Setting qcs sub-encoding to TS1/0 on input line 389.
Package textcomp Info: Setting qpl sub-encoding to TS1/0 on input line 390.
Package textcomp Info: Setting qtm sub-encoding to TS1/0 on input line 391.
Package textcomp Info: Setting qzc sub-encoding to TS1/0 on input line 392.
Package textcomp Info: Setting qhvc sub-encoding to TS1/0 on input line 393.
Package textcomp Info: Setting futs sub-encoding to TS1/4 on input line 394.
Package textcomp Info: Setting futx sub-encoding to TS1/4 on input line 395.
Package textcomp Info: Setting futj sub-encoding to TS1/4 on input line 396.
Package textcomp Info: Setting hlh sub-encoding to TS1/3 on input line 397.
Package textcomp Info: Setting hls sub-encoding to TS1/3 on input line 398.
Package textcomp Info: Setting hlst sub-encoding to TS1/3 on input line 399.
Package textcomp Info: Setting hlct sub-encoding to TS1/5 on input line 400.
Package textcomp Info: Setting hlx sub-encoding to TS1/5 on input line 401.
Package textcomp Info: Setting hlce sub-encoding to TS1/5 on input line 402.
Package textcomp Info: Setting hlcn sub-encoding to TS1/5 on input line 403.
Package textcomp Info: Setting hlcw sub-encoding to TS1/5 on input line 404.
Package textcomp Info: Setting hlcf sub-encoding to TS1/5 on input line 405.
Package textcomp Info: Setting pplx sub-encoding to TS1/3 on input line 406.
Package textcomp Info: Setting pplj sub-encoding to TS1/3 on input line 407.
Package textcomp Info: Setting ptmx sub-encoding to TS1/4 on input line 408.
Package textcomp Info: Setting ptmj sub-encoding to TS1/4 on input line 409.
)
("C:\Program Files\MiKTeX 2.9\tex\latex\graphics\graphicx.sty"
Package: graphicx 2014/10/28 v1.0g Enhanced LaTeX Graphics (DPC,SPQR)

("C:\Program Files\MiKTeX 2.9\tex\latex\graphics\keyval.sty"
Package: keyval 2014/10/28 v1.15 key=value parser (DPC)
\KV@toks@=\toks25
)
("C:\Program Files\MiKTeX 2.9\tex\latex\graphics\graphics.sty"
Package: graphics 2016/07/10 v1.0t Standard LaTeX Graphics (DPC,SPQR)

("C:\Program Files\MiKTeX 2.9\tex\latex\graphics\trig.sty"
Package: trig 2016/01/03 v1.10 sin cos tan (DPC)
)
("C:\Program Files\MiKTeX 2.9\tex\latex\graphics-cfg\graphics.cfg"
File: graphics.cfg 2016/06/04 v1.11 sample graphics configuration
)
Package graphics Info: Driver file: pdftex.def on input line 99.

("C:\Program Files\MiKTeX 2.9\tex\latex\graphics-def\pdftex.def"
File: pdftex.def 2016/07/10 v0.06j Graphics/color for pdfTeX

("C:\Program Files\MiKTeX 2.9\tex\generic\oberdiek\infwarerr.sty"
Package: infwarerr 2016/05/16 v1.4 Providing info/warning/error messages (HO)
)
("C:\Program Files\MiKTeX 2.9\tex\generic\oberdiek\ltxcmds.sty"
Package: ltxcmds 2016/05/16 v1.23 LaTeX kernel commands for general use (HO)
)
\Gread@gobject=\count103
))
\Gin@req@height=\dimen112
\Gin@req@width=\dimen113
)
("C:\Program Files\MiKTeX 2.9\tex\latex\multirow\multirow.sty"
Package: multirow 2016/10/11 v2.1 Span multiple rows of a table
\multirow@colwidth=\skip55
\multirow@cnta=\count104
\multirow@cntb=\count105
\multirow@dima=\skip56
\bigstrutjot=\dimen114
)
("C:\Program Files\MiKTeX 2.9\tex\latex\tools\longtable.sty"
Package: longtable 2014/10/28 v4.11 Multi-page Table package (DPC)
\LTleft=\skip57
\LTright=\skip58
\LTpre=\skip59
\LTpost=\skip60
\LTchunksize=\count106
\LTcapwidth=\dimen115
\LT@head=\box28
\LT@firsthead=\box29
\LT@foot=\box30
\LT@lastfoot=\box31
\LT@cols=\count107
\LT@rows=\count108
\c@LT@tables=\count109
\c@LT@chunks=\count110
\LT@p@ftn=\toks26
)
("C:\Program Files\MiKTeX 2.9\tex\latex\booktabs\booktabs.sty"
Package: booktabs 2005/04/14 v1.61803 publication quality tables
\heavyrulewidth=\dimen116
\lightrulewidth=\dimen117
\cmidrulewidth=\dimen118
\belowrulesep=\dimen119
\belowbottomsep=\dimen120
\aboverulesep=\dimen121
\abovetopsep=\dimen122
\cmidrulesep=\dimen123
\cmidrulekern=\dimen124
\defaultaddspace=\dimen125
\@cmidla=\count111
\@cmidlb=\count112
\@aboverulesep=\dimen126
\@belowrulesep=\dimen127
\@thisruleclass=\count113
\@lastruleclass=\count114
\@thisrulewidth=\dimen128
)
("C:\Program Files\MiKTeX 2.9\tex\latex\cmap\cmap.sty"
Package: cmap 2008/03/06 v1.0h CMap support: searchable PDF
)
("C:\Program Files\MiKTeX 2.9\tex\latex\xcolor\xcolor.sty"
Package: xcolor 2016/05/11 v2.12 LaTeX color extensions (UK)

("C:\Program Files\MiKTeX 2.9\tex\latex\graphics-cfg\color.cfg"
File: color.cfg 2016/01/02 v1.6 sample color configuration
)
Package xcolor Info: Driver file: pdftex.def on input line 225.
Package xcolor Info: Model `cmy' substituted by `cmy0' on input line 1348.
Package xcolor Info: Model `hsb' substituted by `rgb' on input line 1352.
Package xcolor Info: Model `RGB' extended on input line 1364.
Package xcolor Info: Model `HTML' substituted by `rgb' on input line 1366.
Package xcolor Info: Model `Hsb' substituted by `hsb' on input line 1367.
Package xcolor Info: Model `tHsb' substituted by `hsb' on input line 1368.
Package xcolor Info: Model `HSB' substituted by `hsb' on input line 1369.
Package xcolor Info: Model `Gray' substituted by `gray' on input line 1370.
Package xcolor Info: Model `wave' substituted by `hsb' on input line 1371.
)
("C:\Program Files\MiKTeX 2.9\tex\latex\colortbl\colortbl.sty"
Package: colortbl 2012/02/13 v1.0a Color table columns (DPC)

("C:\Program Files\MiKTeX 2.9\tex\latex\tools\array.sty"
Package: array 2014/10/28 v2.4c Tabular extension package (FMi)
\col@sep=\dimen129
\extrarowheight=\dimen130
\NC@list=\toks27
\extratabsurround=\skip61
\backup@length=\skip62
)
\everycr=\toks28
\minrowclearance=\skip63
)
("C:\Program Files\MiKTeX 2.9\tex\latex\base\fontenc.sty"
Package: fontenc 2016/06/19 v1.99m Standard LaTeX package

("C:\Program Files\MiKTeX 2.9\tex\latex\base\t1enc.def"
File: t1enc.def 2016/06/19 v1.99m Standard LaTeX file
LaTeX Font Info:    Redeclaring font encoding T1 on input line 48.
)<<t1.cmap>>)
("C:\Program Files\MiKTeX 2.9\tex\latex\lm\lmodern.sty"
Package: lmodern 2009/10/30 v1.6 Latin Modern Fonts
LaTeX Font Info:    Overwriting symbol font `operators' in version `normal'
(Font)                  OT1/cmr/m/n --> OT1/lmr/m/n on input line 22.
LaTeX Font Info:    Overwriting symbol font `letters' in version `normal'
(Font)                  OML/cmm/m/it --> OML/lmm/m/it on input line 23.
LaTeX Font Info:    Overwriting symbol font `symbols' in version `normal'
(Font)                  OMS/cmsy/m/n --> OMS/lmsy/m/n on input line 24.
LaTeX Font Info:    Overwriting symbol font `largesymbols' in version `normal'
(Font)                  OMX/cmex/m/n --> OMX/lmex/m/n on input line 25.
LaTeX Font Info:    Overwriting symbol font `operators' in version `bold'
(Font)                  OT1/cmr/bx/n --> OT1/lmr/bx/n on input line 26.
LaTeX Font Info:    Overwriting symbol font `letters' in version `bold'
(Font)                  OML/cmm/b/it --> OML/lmm/b/it on input line 27.
LaTeX Font Info:    Overwriting symbol font `symbols' in version `bold'
(Font)                  OMS/cmsy/b/n --> OMS/lmsy/b/n on input line 28.
LaTeX Font Info:    Overwriting symbol font `largesymbols' in version `bold'
(Font)                  OMX/cmex/m/n --> OMX/lmex/m/n on input line 29.
LaTeX Font Info:    Overwriting math alphabet `\mathbf' in version `normal'
(Font)                  OT1/cmr/bx/n --> OT1/lmr/bx/n on input line 31.
LaTeX Font Info:    Overwriting math alphabet `\mathsf' in version `normal'
(Font)                  OT1/cmss/m/n --> OT1/lmss/m/n on input line 32.
LaTeX Font Info:    Overwriting math alphabet `\mathit' in version `normal'
(Font)                  OT1/cmr/m/it --> OT1/lmr/m/it on input line 33.
LaTeX Font Info:    Overwriting math alphabet `\mathtt' in version `normal'
(Font)                  OT1/cmtt/m/n --> OT1/lmtt/m/n on input line 34.
LaTeX Font Info:    Overwriting math alphabet `\mathbf' in version `bold'
(Font)                  OT1/cmr/bx/n --> OT1/lmr/bx/n on input line 35.
LaTeX Font Info:    Overwriting math alphabet `\mathsf' in version `bold'
(Font)                  OT1/cmss/bx/n --> OT1/lmss/bx/n on input line 36.
LaTeX Font Info:    Overwriting math alphabet `\mathit' in version `bold'
(Font)                  OT1/cmr/bx/it --> OT1/lmr/bx/it on input line 37.
LaTeX Font Info:    Overwriting math alphabet `\mathtt' in version `bold'
(Font)                  OT1/cmtt/m/n --> OT1/lmtt/m/n on input line 38.
)
("C:\Program Files\MiKTeX 2.9\tex\latex\listings\listings.sty"
\lst@mode=\count115
\lst@gtempboxa=\box32
\lst@token=\toks29
\lst@length=\count116
\lst@currlwidth=\dimen131
\lst@column=\count117
\lst@pos=\count118
\lst@lostspace=\dimen132
\lst@width=\dimen133
\lst@newlines=\count119
\lst@lineno=\count120
\lst@maxwidth=\dimen134

("C:\Program Files\MiKTeX 2.9\tex\latex\listings\lstmisc.sty"
File: lstmisc.sty 2015/06/04 1.6 (Carsten Heinz)
\c@lstnumber=\count121
\lst@skipnumbers=\count122
\lst@framebox=\box33
)
("C:\Program Files\MiKTeX 2.9\tex\latex\listings\listings.cfg"
File: listings.cfg 2015/06/04 1.6 listings configuration
))
Package: listings 2015/06/04 1.6 (Carsten Heinz)

("C:\Program Files\MiKTeX 2.9\tex\latex\microtype\microtype.sty"
Package: microtype 2016/05/14 v2.6a Micro-typographical refinements (RS)
\MT@toks=\toks30
\MT@count=\count123
LaTeX Info: Redefining \textls on input line 774.
\MT@outer@kern=\dimen135
LaTeX Info: Redefining \textmicrotypecontext on input line 1310.
\MT@listname@count=\count124

("C:\Program Files\MiKTeX 2.9\tex\latex\microtype\microtype-pdftex.def"
File: microtype-pdftex.def 2016/05/14 v2.6a Definitions specific to pdftex (RS)

LaTeX Info: Redefining \lsstyle on input line 916.
LaTeX Info: Redefining \lslig on input line 916.
\MT@outer@space=\skip64
)
Package microtype Info: Loading configuration file microtype.cfg.

("C:\Program Files\MiKTeX 2.9\tex\latex\microtype\microtype.cfg"
File: microtype.cfg 2016/05/14 v2.6a microtype main configuration file (RS)
))
("C:\Program Files\MiKTeX 2.9\tex\latex\pgfplots\pgfplots.sty"
("C:\Program Files\MiKTeX 2.9\tex\generic\pgfplots\pgfplots.revision.tex")
Package: pgfplots 2016/08/10 v1.14 Data Visualization (1.14)

("C:\Program Files\MiKTeX 2.9\tex\latex\pgf\frontendlayer\tikz.sty"
("C:\Program Files\MiKTeX 2.9\tex\latex\pgf\basiclayer\pgf.sty"
("C:\Program Files\MiKTeX 2.9\tex\latex\pgf\utilities\pgfrcs.sty"
("C:\Program Files\MiKTeX 2.9\tex\generic\pgf\utilities\pgfutil-common.tex"
\pgfutil@everybye=\toks31
\pgfutil@tempdima=\dimen136
\pgfutil@tempdimb=\dimen137

("C:\Program Files\MiKTeX 2.9\tex\generic\pgf\utilities\pgfutil-common-lists.te
x")) ("C:\Program Files\MiKTeX 2.9\tex\generic\pgf\utilities\pgfutil-latex.def"
\pgfutil@abb=\box34
("C:\Program Files\MiKTeX 2.9\tex\latex\ms\everyshi.sty"
Package: everyshi 2001/05/15 v3.00 EveryShipout Package (MS)
))
("C:\Program Files\MiKTeX 2.9\tex\generic\pgf\utilities\pgfrcs.code.tex"
Package: pgfrcs 2015/08/07 v3.0.1a (rcs-revision 1.31)
))
Package: pgf 2015/08/07 v3.0.1a (rcs-revision 1.15)

("C:\Program Files\MiKTeX 2.9\tex\latex\pgf\basiclayer\pgfcore.sty"
("C:\Program Files\MiKTeX 2.9\tex\latex\pgf\systemlayer\pgfsys.sty"
("C:\Program Files\MiKTeX 2.9\tex\generic\pgf\systemlayer\pgfsys.code.tex"
Package: pgfsys 2014/07/09 v3.0.1a (rcs-revision 1.48)

("C:\Program Files\MiKTeX 2.9\tex\generic\pgf\utilities\pgfkeys.code.tex"
\pgfkeys@pathtoks=\toks32
\pgfkeys@temptoks=\toks33

("C:\Program Files\MiKTeX 2.9\tex\generic\pgf\utilities\pgfkeysfiltered.code.te
x"
\pgfkeys@tmptoks=\toks34
))
\pgf@x=\dimen138
\pgf@y=\dimen139
\pgf@xa=\dimen140
\pgf@ya=\dimen141
\pgf@xb=\dimen142
\pgf@yb=\dimen143
\pgf@xc=\dimen144
\pgf@yc=\dimen145
\w@pgf@writea=\write3
\r@pgf@reada=\read1
\c@pgf@counta=\count125
\c@pgf@countb=\count126
\c@pgf@countc=\count127
\c@pgf@countd=\count128
\t@pgf@toka=\toks35
\t@pgf@tokb=\toks36
\t@pgf@tokc=\toks37
 ("C:\Program Files\MiKTeX 2.9\tex\generic\pgf\systemlayer\pgf.cfg"
File: pgf.cfg 2008/05/14  (rcs-revision 1.7)
)
Driver file for pgf: pgfsys-pdftex.def

("C:\Program Files\MiKTeX 2.9\tex\generic\pgf\systemlayer\pgfsys-pdftex.def"
File: pgfsys-pdftex.def 2014/10/11  (rcs-revision 1.35)

("C:\Program Files\MiKTeX 2.9\tex\generic\pgf\systemlayer\pgfsys-common-pdf.def
"
File: pgfsys-common-pdf.def 2013/10/10  (rcs-revision 1.13)
)))
("C:\Program Files\MiKTeX 2.9\tex\generic\pgf\systemlayer\pgfsyssoftpath.code.t
ex"
File: pgfsyssoftpath.code.tex 2013/09/09  (rcs-revision 1.9)
\pgfsyssoftpath@smallbuffer@items=\count129
\pgfsyssoftpath@bigbuffer@items=\count130
)
("C:\Program Files\MiKTeX 2.9\tex\generic\pgf\systemlayer\pgfsysprotocol.code.t
ex"
File: pgfsysprotocol.code.tex 2006/10/16  (rcs-revision 1.4)
)) ("C:\Program Files\MiKTeX 2.9\tex\generic\pgf\basiclayer\pgfcore.code.tex"
Package: pgfcore 2010/04/11 v3.0.1a (rcs-revision 1.7)
 ("C:\Program Files\MiKTeX 2.9\tex\generic\pgf\math\pgfmath.code.tex"
("C:\Program Files\MiKTeX 2.9\tex\generic\pgf\math\pgfmathcalc.code.tex"
("C:\Program Files\MiKTeX 2.9\tex\generic\pgf\math\pgfmathutil.code.tex")
("C:\Program Files\MiKTeX 2.9\tex\generic\pgf\math\pgfmathparser.code.tex"
\pgfmath@dimen=\dimen146
\pgfmath@count=\count131
\pgfmath@box=\box35
\pgfmath@toks=\toks38
\pgfmath@stack@operand=\toks39
\pgfmath@stack@operation=\toks40
)
("C:\Program Files\MiKTeX 2.9\tex\generic\pgf\math\pgfmathfunctions.code.tex"
("C:\Program Files\MiKTeX 2.9\tex\generic\pgf\math\pgfmathfunctions.basic.code.
tex")
("C:\Program Files\MiKTeX 2.9\tex\generic\pgf\math\pgfmathfunctions.trigonometr
ic.code.tex")
("C:\Program Files\MiKTeX 2.9\tex\generic\pgf\math\pgfmathfunctions.random.code
.tex")
("C:\Program Files\MiKTeX 2.9\tex\generic\pgf\math\pgfmathfunctions.comparison.
code.tex")
("C:\Program Files\MiKTeX 2.9\tex\generic\pgf\math\pgfmathfunctions.base.code.t
ex")
("C:\Program Files\MiKTeX 2.9\tex\generic\pgf\math\pgfmathfunctions.round.code.
tex")
("C:\Program Files\MiKTeX 2.9\tex\generic\pgf\math\pgfmathfunctions.misc.code.t
ex")
("C:\Program Files\MiKTeX 2.9\tex\generic\pgf\math\pgfmathfunctions.integerarit
hmetics.code.tex")))
("C:\Program Files\MiKTeX 2.9\tex\generic\pgf\math\pgfmathfloat.code.tex"
\c@pgfmathroundto@lastzeros=\count132
))
("C:\Program Files\MiKTeX 2.9\tex\generic\pgf\basiclayer\pgfcorepoints.code.tex
"
File: pgfcorepoints.code.tex 2013/10/07  (rcs-revision 1.27)
\pgf@picminx=\dimen147
\pgf@picmaxx=\dimen148
\pgf@picminy=\dimen149
\pgf@picmaxy=\dimen150
\pgf@pathminx=\dimen151
\pgf@pathmaxx=\dimen152
\pgf@pathminy=\dimen153
\pgf@pathmaxy=\dimen154
\pgf@xx=\dimen155
\pgf@xy=\dimen156
\pgf@yx=\dimen157
\pgf@yy=\dimen158
\pgf@zx=\dimen159
\pgf@zy=\dimen160
)
("C:\Program Files\MiKTeX 2.9\tex\generic\pgf\basiclayer\pgfcorepathconstruct.c
ode.tex"
File: pgfcorepathconstruct.code.tex 2013/10/07  (rcs-revision 1.29)
\pgf@path@lastx=\dimen161
\pgf@path@lasty=\dimen162
)
("C:\Program Files\MiKTeX 2.9\tex\generic\pgf\basiclayer\pgfcorepathusage.code.
tex"
File: pgfcorepathusage.code.tex 2014/11/02  (rcs-revision 1.24)
\pgf@shorten@end@additional=\dimen163
\pgf@shorten@start@additional=\dimen164
)
("C:\Program Files\MiKTeX 2.9\tex\generic\pgf\basiclayer\pgfcorescopes.code.tex
"
File: pgfcorescopes.code.tex 2015/05/08  (rcs-revision 1.46)
\pgfpic=\box36
\pgf@hbox=\box37
\pgf@layerbox@main=\box38
\pgf@picture@serial@count=\count133
)
("C:\Program Files\MiKTeX 2.9\tex\generic\pgf\basiclayer\pgfcoregraphicstate.co
de.tex"
File: pgfcoregraphicstate.code.tex 2014/11/02  (rcs-revision 1.12)
\pgflinewidth=\dimen165
)
("C:\Program Files\MiKTeX 2.9\tex\generic\pgf\basiclayer\pgfcoretransformations
.code.tex"
File: pgfcoretransformations.code.tex 2015/08/07  (rcs-revision 1.20)
\pgf@pt@x=\dimen166
\pgf@pt@y=\dimen167
\pgf@pt@temp=\dimen168
)
("C:\Program Files\MiKTeX 2.9\tex\generic\pgf\basiclayer\pgfcorequick.code.tex"
File: pgfcorequick.code.tex 2008/10/09  (rcs-revision 1.3)
)
("C:\Program Files\MiKTeX 2.9\tex\generic\pgf\basiclayer\pgfcoreobjects.code.te
x"
File: pgfcoreobjects.code.tex 2006/10/11  (rcs-revision 1.2)
)
("C:\Program Files\MiKTeX 2.9\tex\generic\pgf\basiclayer\pgfcorepathprocessing.
code.tex"
File: pgfcorepathprocessing.code.tex 2013/09/09  (rcs-revision 1.9)
)
("C:\Program Files\MiKTeX 2.9\tex\generic\pgf\basiclayer\pgfcorearrows.code.tex
"
File: pgfcorearrows.code.tex 2015/05/14  (rcs-revision 1.43)
\pgfarrowsep=\dimen169
)
("C:\Program Files\MiKTeX 2.9\tex\generic\pgf\basiclayer\pgfcoreshade.code.tex"
File: pgfcoreshade.code.tex 2013/07/15  (rcs-revision 1.15)
\pgf@max=\dimen170
\pgf@sys@shading@range@num=\count134
) ("C:\Program Files\MiKTeX 2.9\tex\generic\pgf\basiclayer\pgfcoreimage.code.te
x"
File: pgfcoreimage.code.tex 2013/07/15  (rcs-revision 1.18)

("C:\Program Files\MiKTeX 2.9\tex\generic\pgf\basiclayer\pgfcoreexternal.code.t
ex"
File: pgfcoreexternal.code.tex 2014/07/09  (rcs-revision 1.21)
\pgfexternal@startupbox=\box39
))
("C:\Program Files\MiKTeX 2.9\tex\generic\pgf\basiclayer\pgfcorelayers.code.tex
"
File: pgfcorelayers.code.tex 2013/07/18  (rcs-revision 1.7)
)
("C:\Program Files\MiKTeX 2.9\tex\generic\pgf\basiclayer\pgfcoretransparency.co
de.tex"
File: pgfcoretransparency.code.tex 2013/09/30  (rcs-revision 1.5)
)
("C:\Program Files\MiKTeX 2.9\tex\generic\pgf\basiclayer\pgfcorepatterns.code.t
ex"
File: pgfcorepatterns.code.tex 2013/11/07  (rcs-revision 1.5)
)))
("C:\Program Files\MiKTeX 2.9\tex\generic\pgf\modules\pgfmoduleshapes.code.tex"
File: pgfmoduleshapes.code.tex 2014/03/21  (rcs-revision 1.35)
\pgfnodeparttextbox=\box40
) ("C:\Program Files\MiKTeX 2.9\tex\generic\pgf\modules\pgfmoduleplot.code.tex"
File: pgfmoduleplot.code.tex 2015/08/03  (rcs-revision 1.13)
)
("C:\Program Files\MiKTeX 2.9\tex\latex\pgf\compatibility\pgfcomp-version-0-65.
sty"
Package: pgfcomp-version-0-65 2007/07/03 v3.0.1a (rcs-revision 1.7)
\pgf@nodesepstart=\dimen171
\pgf@nodesepend=\dimen172
)
("C:\Program Files\MiKTeX 2.9\tex\latex\pgf\compatibility\pgfcomp-version-1-18.
sty"
Package: pgfcomp-version-1-18 2007/07/23 v3.0.1a (rcs-revision 1.1)
)) ("C:\Program Files\MiKTeX 2.9\tex\latex\pgf\utilities\pgffor.sty"
("C:\Program Files\MiKTeX 2.9\tex\latex\pgf\utilities\pgfkeys.sty"
("C:\Program Files\MiKTeX 2.9\tex\generic\pgf\utilities\pgfkeys.code.tex"))
("C:\Program Files\MiKTeX 2.9\tex\latex\pgf\math\pgfmath.sty"
("C:\Program Files\MiKTeX 2.9\tex\generic\pgf\math\pgfmath.code.tex"))
("C:\Program Files\MiKTeX 2.9\tex\generic\pgf\utilities\pgffor.code.tex"
Package: pgffor 2013/12/13 v3.0.1a (rcs-revision 1.25)

("C:\Program Files\MiKTeX 2.9\tex\generic\pgf\math\pgfmath.code.tex")
\pgffor@iter=\dimen173
\pgffor@skip=\dimen174
\pgffor@stack=\toks41
\pgffor@toks=\toks42
))
("C:\Program Files\MiKTeX 2.9\tex\generic\pgf\frontendlayer\tikz\tikz.code.tex"
Package: tikz 2015/08/07 v3.0.1a (rcs-revision 1.151)

("C:\Program Files\MiKTeX 2.9\tex\generic\pgf\libraries\pgflibraryplothandlers.
code.tex"
File: pgflibraryplothandlers.code.tex 2013/08/31 v3.0.1a (rcs-revision 1.20)
\pgf@plot@mark@count=\count135
\pgfplotmarksize=\dimen175
)
\tikz@lastx=\dimen176
\tikz@lasty=\dimen177
\tikz@lastxsaved=\dimen178
\tikz@lastysaved=\dimen179
\tikzleveldistance=\dimen180
\tikzsiblingdistance=\dimen181
\tikz@figbox=\box41
\tikz@figbox@bg=\box42
\tikz@tempbox=\box43
\tikz@tempbox@bg=\box44
\tikztreelevel=\count136
\tikznumberofchildren=\count137
\tikznumberofcurrentchild=\count138
\tikz@fig@count=\count139

("C:\Program Files\MiKTeX 2.9\tex\generic\pgf\modules\pgfmodulematrix.code.tex"
File: pgfmodulematrix.code.tex 2013/09/17  (rcs-revision 1.8)
\pgfmatrixcurrentrow=\count140
\pgfmatrixcurrentcolumn=\count141
\pgf@matrix@numberofcolumns=\count142
)
\tikz@expandcount=\count143

("C:\Program Files\MiKTeX 2.9\tex\generic\pgf\frontendlayer\tikz\libraries\tikz
librarytopaths.code.tex"
File: tikzlibrarytopaths.code.tex 2008/06/17 v3.0.1a (rcs-revision 1.2)
)))
("C:\Program Files\MiKTeX 2.9\tex\generic\pgfplots\pgfplots.code.tex"
("C:\Program Files\MiKTeX 2.9\tex\generic\pgfplots\pgfplotscore.code.tex"
\t@pgfplots@toka=\toks43
\t@pgfplots@tokb=\toks44
\t@pgfplots@tokc=\toks45
\pgfplots@tmpa=\dimen182
\c@pgfplots@coordindex=\count144
\c@pgfplots@scanlineindex=\count145

("C:\Program Files\MiKTeX 2.9\tex\generic\pgfplots\sys\pgfplotssysgeneric.code.
tex"))
("C:\Program Files\MiKTeX 2.9\tex\generic\pgfplots\libs\pgfplotslibrary.code.te
x")
("C:\Program Files\MiKTeX 2.9\tex\generic\pgfplots\oldpgfcompatib\pgfplotsoldpg
fsupp_loader.code.tex"
("C:\Program Files\MiKTeX 2.9\tex\generic\pgf\libraries\pgflibraryfpu.code.tex"
)
Package pgfplots: loading complementary arithmetics for your pgf version...

("C:\Program Files\MiKTeX 2.9\tex\generic\pgfplots\oldpgfcompatib\pgfplotsoldpg
fsupp_pgflibraryfpu.code.tex")
("C:\Program Files\MiKTeX 2.9\tex\generic\pgfplots\oldpgfcompatib\pgfplotsoldpg
fsupp_pgfmathfloat.code.tex"
\c@pgfmathroundto@lastzeros=\count146
))
("C:\Program Files\MiKTeX 2.9\tex\generic\pgfplots\util\pgfplotsutil.code.tex"
("C:\Program Files\MiKTeX 2.9\tex\generic\pgfplots\liststructure\pgfplotslistst
ructure.code.tex")
("C:\Program Files\MiKTeX 2.9\tex\generic\pgfplots\liststructure\pgfplotslistst
ructureext.code.tex")
("C:\Program Files\MiKTeX 2.9\tex\generic\pgfplots\liststructure\pgfplotsarray.
code.tex"
\c@pgfplotsarray@tmp=\count147
)
("C:\Program Files\MiKTeX 2.9\tex\generic\pgfplots\liststructure\pgfplotsmatrix
.code.tex")
("C:\Program Files\MiKTeX 2.9\tex\generic\pgfplots\numtable\pgfplotstableshared
.code.tex"
\c@pgfplotstable@counta=\count148
\t@pgfplotstable@a=\toks46
)
("C:\Program Files\MiKTeX 2.9\tex\generic\pgfplots\liststructure\pgfplotsdeque.
code.tex")
("C:\Program Files\MiKTeX 2.9\tex\generic\pgfplots\util\pgfplotsbinary.code.tex
"
("C:\Program Files\MiKTeX 2.9\tex\generic\pgfplots\util\pgfplotsbinary.data.cod
e.tex"))
("C:\Program Files\MiKTeX 2.9\tex\generic\pgfplots\util\pgfplotsutil.verb.code.
tex")
("C:\Program Files\MiKTeX 2.9\tex\generic\pgfplots\libs\pgflibrarypgfplots.surf
shading.code.tex"
\c@pgfplotslibrarysurf@no=\count149

("C:\Program Files\MiKTeX 2.9\tex\generic\pgfplots\sys\pgflibrarypgfplots.surfs
hading.pgfsys-pdftex.def")))
("C:\Program Files\MiKTeX 2.9\tex\generic\pgfplots\util\pgfplotscolormap.code.t
ex"
("C:\Program Files\MiKTeX 2.9\tex\generic\pgfplots\util\pgfplotscolor.code.tex"
))
("C:\Program Files\MiKTeX 2.9\tex\generic\pgfplots\pgfplotsstackedplots.code.te
x")
("C:\Program Files\MiKTeX 2.9\tex\generic\pgfplots\pgfplotsplothandlers.code.te
x"
("C:\Program Files\MiKTeX 2.9\tex\generic\pgfplots\pgfplotsmeshplothandler.code
.tex"
("C:\Program Files\MiKTeX 2.9\tex\generic\pgfplots\pgfplotsmeshplotimage.code.t
ex")))
("C:\Program Files\MiKTeX 2.9\tex\generic\pgfplots\pgfplots.scaling.code.tex")
("C:\Program Files\MiKTeX 2.9\tex\generic\pgfplots\pgfplotscoordprocessing.code
.tex")
("C:\Program Files\MiKTeX 2.9\tex\generic\pgfplots\pgfplots.errorbars.code.tex"
) ("C:\Program Files\MiKTeX 2.9\tex\generic\pgfplots\pgfplots.markers.code.tex"
) ("C:\Program Files\MiKTeX 2.9\tex\generic\pgfplots\pgfplotsticks.code.tex")
("C:\Program Files\MiKTeX 2.9\tex\generic\pgfplots\pgfplots.paths.code.tex")
("C:\Program Files\MiKTeX 2.9\tex\generic\pgf\frontendlayer\tikz\libraries\tikz
librarydecorations.code.tex"
("C:\Program Files\MiKTeX 2.9\tex\generic\pgf\modules\pgfmoduledecorations.code
.tex"
\pgfdecoratedcompleteddistance=\dimen183
\pgfdecoratedremainingdistance=\dimen184
\pgfdecoratedinputsegmentcompleteddistance=\dimen185
\pgfdecoratedinputsegmentremainingdistance=\dimen186
\pgf@decorate@distancetomove=\dimen187
\pgf@decorate@repeatstate=\count150
\pgfdecorationsegmentamplitude=\dimen188
\pgfdecorationsegmentlength=\dimen189
)
\tikz@lib@dec@box=\box45
)
("C:\Program Files\MiKTeX 2.9\tex\generic\pgf\frontendlayer\tikz\libraries\tikz
librarydecorations.pathmorphing.code.tex"
("C:\Program Files\MiKTeX 2.9\tex\generic\pgf\libraries\decorations\pgflibraryd
ecorations.pathmorphing.code.tex"))
("C:\Program Files\MiKTeX 2.9\tex\generic\pgf\frontendlayer\tikz\libraries\tikz
librarydecorations.pathreplacing.code.tex"
("C:\Program Files\MiKTeX 2.9\tex\generic\pgf\libraries\decorations\pgflibraryd
ecorations.pathreplacing.code.tex"))
\pgfplots@numplots=\count151
\pgfplots@xmin@reg=\dimen190
\pgfplots@xmax@reg=\dimen191
\pgfplots@ymin@reg=\dimen192
\pgfplots@ymax@reg=\dimen193
\pgfplots@zmin@reg=\dimen194
\pgfplots@zmax@reg=\dimen195
)
("C:\Program Files\MiKTeX 2.9\tex\generic\pgf\frontendlayer\tikz\libraries\tikz
libraryplotmarks.code.tex"
File: tikzlibraryplotmarks.code.tex 2008/01/09 v3.0.1a (rcs-revision 1.1)

("C:\Program Files\MiKTeX 2.9\tex\generic\pgf\libraries\pgflibraryplotmarks.cod
e.tex"
File: pgflibraryplotmarks.code.tex 2015/08/03 v3.0.1a (rcs-revision 1.14)
))) ("C:\Program Files\MiKTeX 2.9\tex\latex\makecell\makecell.sty"
Package: makecell 2009/08/03 V0.1e Managing of Tab Column Heads and Cells
\rotheadsize=\dimen196
\c@nlinenum=\count152
\TeXr@lab=\toks47
)
("C:\Program Files\MiKTeX 2.9\tex\latex\ncctools\extdash.sty"
Package: extdash 2005/01/29 v1.2 Extended Dash Package (NCC)
)
("C:\Program Files\MiKTeX 2.9\tex\latex\hyperref\hyperref.sty"
Package: hyperref 2016/06/24 v6.83q Hypertext links for LaTeX

("C:\Program Files\MiKTeX 2.9\tex\generic\oberdiek\hobsub-hyperref.sty"
Package: hobsub-hyperref 2016/05/16 v1.14 Bundle oberdiek, subset hyperref (HO)


("C:\Program Files\MiKTeX 2.9\tex\generic\oberdiek\hobsub-generic.sty"
Package: hobsub-generic 2016/05/16 v1.14 Bundle oberdiek, subset generic (HO)
Package: hobsub 2016/05/16 v1.14 Construct package bundles (HO)
Package hobsub Info: Skipping package `infwarerr' (already loaded).
Package hobsub Info: Skipping package `ltxcmds' (already loaded).
Package: ifluatex 2016/05/16 v1.4 Provides the ifluatex switch (HO)
Package ifluatex Info: LuaTeX not detected.
Package: ifvtex 2016/05/16 v1.6 Detect VTeX and its facilities (HO)
Package ifvtex Info: VTeX not detected.
Package: intcalc 2016/05/16 v1.2 Expandable calculations with integers (HO)
Package: ifpdf 2016/05/14 v3.1 Provides the ifpdf switch
Package: etexcmds 2016/05/16 v1.6 Avoid name clashes with e-TeX commands (HO)
Package etexcmds Info: Could not find \expanded.
(etexcmds)             That can mean that you are not using pdfTeX 1.50 or
(etexcmds)             that some package has redefined \expanded.
(etexcmds)             In the latter case, load this package earlier.
Package: kvsetkeys 2016/05/16 v1.17 Key value parser (HO)
Package: kvdefinekeys 2016/05/16 v1.4 Define keys (HO)
Package: pdftexcmds 2016/05/21 v0.22 Utility functions of pdfTeX for LuaTeX (HO
)
Package pdftexcmds Info: LuaTeX not detected.
Package pdftexcmds Info: \pdf@primitive is available.
Package pdftexcmds Info: \pdf@ifprimitive is available.
Package pdftexcmds Info: \pdfdraftmode found.
Package: pdfescape 2016/05/16 v1.14 Implements pdfTeX's escape features (HO)
Package: bigintcalc 2016/05/16 v1.4 Expandable calculations on big integers (HO
)
Package: bitset 2016/05/16 v1.2 Handle bit-vector datatype (HO)
Package: uniquecounter 2016/05/16 v1.3 Provide unlimited unique counter (HO)
)
Package hobsub Info: Skipping package `hobsub' (already loaded).
Package: letltxmacro 2016/05/16 v1.5 Let assignment for LaTeX macros (HO)
Package: hopatch 2016/05/16 v1.3 Wrapper for package hooks (HO)
Package: xcolor-patch 2016/05/16 xcolor patch
Package: atveryend 2016/05/16 v1.9 Hooks at the very end of document (HO)
Package: atbegshi 2016/06/09 v1.18 At begin shipout hook (HO)
Package: refcount 2016/05/16 v3.5 Data extraction from label references (HO)
Package: hycolor 2016/05/16 v1.8 Color options for hyperref/bookmark (HO)
)
("C:\Program Files\MiKTeX 2.9\tex\generic\ifxetex\ifxetex.sty"
Package: ifxetex 2010/09/12 v0.6 Provides ifxetex conditional
)
("C:\Program Files\MiKTeX 2.9\tex\latex\oberdiek\auxhook.sty"
Package: auxhook 2016/05/16 v1.4 Hooks for auxiliary files (HO)
)
("C:\Program Files\MiKTeX 2.9\tex\latex\oberdiek\kvoptions.sty"
Package: kvoptions 2016/05/16 v3.12 Key value format for package options (HO)
)
\@linkdim=\dimen197
\Hy@linkcounter=\count153
\Hy@pagecounter=\count154

("C:\Program Files\MiKTeX 2.9\tex\latex\hyperref\pd1enc.def"
File: pd1enc.def 2016/06/24 v6.83q Hyperref: PDFDocEncoding definition (HO)
)
\Hy@SavedSpaceFactor=\count155

("C:\Program Files\MiKTeX 2.9\tex\latex\00miktex\hyperref.cfg"
File: hyperref.cfg 2002/06/06 v1.2 hyperref configuration of TeXLive
)
Package hyperref Info: Hyper figures OFF on input line 4486.
Package hyperref Info: Link nesting OFF on input line 4491.
Package hyperref Info: Hyper index ON on input line 4494.
Package hyperref Info: Plain pages OFF on input line 4501.
Package hyperref Info: Backreferencing OFF on input line 4506.
Package hyperref Info: Implicit mode ON; LaTeX internals redefined.
Package hyperref Info: Bookmarks ON on input line 4735.
\c@Hy@tempcnt=\count156

(C:\Users\achavda156294\AppData\Roaming\MiKTeX\2.9\tex\latex\url\url.sty
\Urlmuskip=\muskip11
Package: url 2013/09/16  ver 3.4  Verb mode for urls, etc.
)
LaTeX Info: Redefining \url on input line 5088.
\XeTeXLinkMargin=\dimen198
\Fld@menulength=\count157
\Field@Width=\dimen199
\Fld@charsize=\dimen256
Package hyperref Info: Hyper figures OFF on input line 6342.
Package hyperref Info: Link nesting OFF on input line 6347.
Package hyperref Info: Hyper index ON on input line 6350.
Package hyperref Info: backreferencing OFF on input line 6357.
Package hyperref Info: Link coloring OFF on input line 6362.
Package hyperref Info: Link coloring with OCG OFF on input line 6367.
Package hyperref Info: PDF/A mode OFF on input line 6372.
LaTeX Info: Redefining \ref on input line 6412.
LaTeX Info: Redefining \pageref on input line 6416.
\Hy@abspage=\count158
\c@Item=\count159
\c@Hfootnote=\count160
)

Package hyperref Message: Driver (autodetected): hpdftex.

("C:\Program Files\MiKTeX 2.9\tex\latex\hyperref\hpdftex.def"
File: hpdftex.def 2016/06/24 v6.83q Hyperref driver for pdfTeX
\Fld@listcount=\count161
\c@bookmark@seq@number=\count162

("C:\Program Files\MiKTeX 2.9\tex\latex\oberdiek\rerunfilecheck.sty"
Package: rerunfilecheck 2016/05/16 v1.8 Rerun checks for auxiliary files (HO)
Package uniquecounter Info: New unique counter `rerunfilecheck' on input line 2
82.
)
\Hy@SectionHShift=\skip65
)
Package hyperref Info: Option `colorlinks' set `true' on input line 35.

("C:\Program Files\MiKTeX 2.9\tex\latex\caption\caption.sty"
Package: caption 2016/02/21 v3.3-144 Customizing captions (AR)

("C:\Program Files\MiKTeX 2.9\tex\latex\caption\caption3.sty"
Package: caption3 2016/05/22 v1.7-166 caption3 kernel (AR)
Package caption3 Info: TeX engine: e-TeX on input line 67.
\captionmargin=\dimen257
\captionmargin@=\dimen258
\captionwidth=\dimen259
\caption@tempdima=\dimen260
\caption@indent=\dimen261
\caption@parindent=\dimen262
\caption@hangindent=\dimen263
Package caption Info: Unknown document class (or package),
(caption)             standard defaults will be used.
)

Package caption Warning: Unsupported document class (or package) detected,
(caption)                usage of the caption package is not recommended.
See the caption package documentation for explanation.

Package caption Info: \@makecaption = \long macro:#1#2->\vskip \abovecaptionski
p \sbox \@tempboxa {#1. #2}\ifdim \wd \@tempboxa >\hsize #1. #2\par \else \glob
al \@minipagefalse \hb@xt@ \hsize {\hfil \box \@tempboxa \hfil }\fi \vskip \bel
owcaptionskip .
\c@ContinuedFloat=\count163
Package caption Info: hyperref package is loaded.
Package caption Info: listings package is loaded.
Package caption Info: longtable package is loaded.
("C:\Program Files\MiKTeX 2.9\tex\latex\caption\ltcaption.sty"
Package: ltcaption 2013/06/09 v1.4-94 longtable captions (AR)
))
("C:\Program Files\MiKTeX 2.9\tex\latex\caption\subcaption.sty"
Package: subcaption 2016/05/22 v1.1-161 Sub-captions (AR)
\c@subfigure=\count164
\c@subtable=\count165
)
("C:\Program Files\MiKTeX 2.9\tex\latex\geometry\geometry.sty"
Package: geometry 2010/09/12 v5.6 Page Geometry
\Gm@cnth=\count166
\Gm@cntv=\count167
\c@Gm@tempcnt=\count168
\Gm@bindingoffset=\dimen264
\Gm@wd@mp=\dimen265
\Gm@odd@mp=\dimen266
\Gm@even@mp=\dimen267
\Gm@layoutwidth=\dimen268
\Gm@layoutheight=\dimen269
\Gm@layouthoffset=\dimen270
\Gm@layoutvoffset=\dimen271
\Gm@dimlist=\toks48

("C:\Program Files\MiKTeX 2.9\tex\latex\geometry\geometry.cfg")

Package geometry Warning: Over-specification in `h'-direction.
    `width' (433.62pt) is ignored.


Package geometry Warning: Over-specification in `v'-direction.
    `height' (379.4175pt) is ignored.

) ("C:\Program Files\MiKTeX 2.9\tex\latex\enumitem\enumitem.sty"
Package: enumitem 2011/09/28 v3.5.2 Customized lists
\labelindent=\skip66
\enit@outerparindent=\dimen272
\enit@toks=\toks49
\enit@inbox=\box46
\enitdp@description=\count169
)
("C:\Program Files\MiKTeX 2.9\tex\latex\algorithms\algorithm.sty"
Package: algorithm 2009/08/24 v0.1 Document Style `algorithm' - floating enviro
nment

("C:\Program Files\MiKTeX 2.9\tex\latex\float\float.sty"
Package: float 2001/11/08 v1.3d Float enhancements (AL)
\c@float@type=\count170
\float@exts=\toks50
\float@box=\box47
\@float@everytoks=\toks51
\@floatcapt=\box48
)
("C:\Program Files\MiKTeX 2.9\tex\latex\base\ifthen.sty"
Package: ifthen 2014/09/29 v1.1c Standard LaTeX ifthen package (DPC)
)
\@float@every@algorithm=\toks52
\c@algorithm=\count171
)
("C:\Program Files\MiKTeX 2.9\tex\latex\algorithmicx\algpseudocode.sty"
Package: algpseudocode 

("C:\Program Files\MiKTeX 2.9\tex\latex\algorithmicx\algorithmicx.sty"
Package: algorithmicx 2005/04/27 v1.2 Algorithmicx

Document Style algorithmicx 1.2 - a greatly improved `algorithmic' style
\c@ALG@line=\count172
\c@ALG@rem=\count173
\c@ALG@nested=\count174
\ALG@tlm=\skip67
\ALG@thistlm=\skip68
\c@ALG@Lnr=\count175
\c@ALG@blocknr=\count176
\c@ALG@storecount=\count177
\c@ALG@tmpcounter=\count178
\ALG@tmplength=\skip69
)
Document Style - pseudocode environments for use with the `algorithmicx' style
) ("C:\Program Files\MiKTeX 2.9\tex\latex\mdframed\mdframed.sty"
Package: mdframed 2013/07/01 1.9b: mdframed

("C:\Program Files\MiKTeX 2.9\tex\latex\l3packages\xparse\xparse.sty"
("C:\Program Files\MiKTeX 2.9\tex\latex\l3kernel\expl3.sty"
Package: expl3 2017/04/01 L3 programming layer (loader) 

("C:\Program Files\MiKTeX 2.9\tex\latex\l3kernel\expl3-code.tex"
Package: expl3 2017/04/01 L3 programming layer (code)
\c_max_int=\count179
\l_tmpa_int=\count180
\l_tmpb_int=\count181
\g_tmpa_int=\count182
\g_tmpb_int=\count183
\g__prg_map_int=\count184
\c_log_iow=\count185
\l_iow_line_count_int=\count186
\l__iow_line_target_int=\count187
\l__iow_one_indent_int=\count188
\l__iow_indent_int=\count189
\c_zero_dim=\dimen273
\c_max_dim=\dimen274
\l_tmpa_dim=\dimen275
\l_tmpb_dim=\dimen276
\g_tmpa_dim=\dimen277
\g_tmpb_dim=\dimen278
\c_zero_skip=\skip70
\c_max_skip=\skip71
\l_tmpa_skip=\skip72
\l_tmpb_skip=\skip73
\g_tmpa_skip=\skip74
\g_tmpb_skip=\skip75
\c_zero_muskip=\muskip12
\c_max_muskip=\muskip13
\l_tmpa_muskip=\muskip14
\l_tmpb_muskip=\muskip15
\g_tmpa_muskip=\muskip16
\g_tmpb_muskip=\muskip17
\l_keys_choice_int=\count190
\c__fp_leading_shift_int=\count191
\c__fp_middle_shift_int=\count192
\c__fp_trailing_shift_int=\count193
\c__fp_big_leading_shift_int=\count194
\c__fp_big_middle_shift_int=\count195
\c__fp_big_trailing_shift_int=\count196
\c__fp_Bigg_leading_shift_int=\count197
\c__fp_Bigg_middle_shift_int=\count198
\c__fp_Bigg_trailing_shift_int=\count199
\c__fp_rand_size_int=\count266
\c__fp_rand_four_int=\count267
\c__fp_rand_eight_int=\count268
\l__sort_length_int=\count269
\l__sort_min_int=\count270
\l__sort_top_int=\count271
\l__sort_max_int=\count272
\l__sort_true_max_int=\count273
\l__sort_block_int=\count274
\l__sort_begin_int=\count275
\l__sort_end_int=\count276
\l__sort_A_int=\count277
\l__sort_B_int=\count278
\l__sort_C_int=\count279
\c_empty_box=\box49
\l_tmpa_box=\box50
\l_tmpb_box=\box51
\g_tmpa_box=\box52
\g_tmpb_box=\box53
\l__coffin_internal_box=\box54
\l__coffin_internal_dim=\dimen279
\l__coffin_offset_x_dim=\dimen280
\l__coffin_offset_y_dim=\dimen281
\l__coffin_x_dim=\dimen282
\l__coffin_y_dim=\dimen283
\l__coffin_x_prime_dim=\dimen284
\l__coffin_y_prime_dim=\dimen285
\c_empty_coffin=\box55
\l__coffin_aligned_coffin=\box56
\l__coffin_aligned_internal_coffin=\box57
\l_tmpa_coffin=\box58
\l_tmpb_coffin=\box59
\l__coffin_display_coffin=\box60
\l__coffin_display_coord_coffin=\box61
\l__coffin_display_pole_coffin=\box62
\l__coffin_display_offset_dim=\dimen286
\l__coffin_display_x_dim=\dimen287
\l__coffin_display_y_dim=\dimen288
\l__box_top_dim=\dimen289
\l__box_bottom_dim=\dimen290
\l__box_left_dim=\dimen291
\l__box_right_dim=\dimen292
\l__box_top_new_dim=\dimen293
\l__box_bottom_new_dim=\dimen294
\l__box_left_new_dim=\dimen295
\l__box_right_new_dim=\dimen296
\l__box_internal_box=\box63
\l__coffin_bounding_shift_dim=\dimen297
\l__coffin_left_corner_dim=\dimen298
\l__coffin_right_corner_dim=\dimen299
\l__coffin_bottom_corner_dim=\dimen300
\l__coffin_top_corner_dim=\dimen301
\l__coffin_scaled_total_height_dim=\dimen302
\l__coffin_scaled_width_dim=\dimen303
)
("C:\Program Files\MiKTeX 2.9\tex\latex\l3kernel\l3pdfmode.def"
File: l3pdfmode.def 2017/03/18 v L3 Experimental driver: PDF mode
\l__driver_color_stack_int=\count280
\l__driver_tmp_box=\box64
))
Package: xparse 2017/04/01 L3 Experimental document command parser
\l__xparse_current_arg_int=\count281
\g__xparse_grabber_int=\count282
\l__xparse_m_args_int=\count283
\l__xparse_mandatory_args_int=\count284
\l__xparse_v_nesting_int=\count285
)
("C:\Program Files\MiKTeX 2.9\tex\latex\etoolbox\etoolbox.sty"
Package: etoolbox 2017/01/02 v2.4 e-TeX tools for LaTeX (JAW)
\etb@tempcnta=\count286
)
("C:\Program Files\MiKTeX 2.9\tex\latex\oberdiek\zref-abspage.sty"
Package: zref-abspage 2016/05/21 v2.26 Module abspage for zref (HO)

("C:\Program Files\MiKTeX 2.9\tex\latex\oberdiek\zref-base.sty"
Package: zref-base 2016/05/21 v2.26 Module base for zref (HO)
Package zref Info: New property list: main on input line 759.
Package zref Info: New property: default on input line 760.
Package zref Info: New property: page on input line 761.
)
\c@abspage=\count287
Package zref Info: New property: abspage on input line 62.
)
("C:\Program Files\MiKTeX 2.9\tex\latex\needspace\needspace.sty"
Package: needspace 2010/09/12 v1.3d reserve vertical space
)
\mdf@templength=\skip76
\c@mdf@globalstyle@cnt=\count288
\mdf@skipabove@length=\skip77
\mdf@skipbelow@length=\skip78
\mdf@leftmargin@length=\skip79
\mdf@rightmargin@length=\skip80
\mdf@innerleftmargin@length=\skip81
\mdf@innerrightmargin@length=\skip82
\mdf@innertopmargin@length=\skip83
\mdf@innerbottommargin@length=\skip84
\mdf@splittopskip@length=\skip85
\mdf@splitbottomskip@length=\skip86
\mdf@outermargin@length=\skip87
\mdf@innermargin@length=\skip88
\mdf@linewidth@length=\skip89
\mdf@innerlinewidth@length=\skip90
\mdf@middlelinewidth@length=\skip91
\mdf@outerlinewidth@length=\skip92
\mdf@roundcorner@length=\skip93
\mdf@footenotedistance@length=\skip94
\mdf@userdefinedwidth@length=\skip95
\mdf@needspace@length=\skip96
\mdf@frametitleaboveskip@length=\skip97
\mdf@frametitlebelowskip@length=\skip98
\mdf@frametitlerulewidth@length=\skip99
\mdf@frametitleleftmargin@length=\skip100
\mdf@frametitlerightmargin@length=\skip101
\mdf@shadowsize@length=\skip102
\mdf@extratopheight@length=\skip103
\mdf@subtitleabovelinewidth@length=\skip104
\mdf@subtitlebelowlinewidth@length=\skip105
\mdf@subtitleaboveskip@length=\skip106
\mdf@subtitlebelowskip@length=\skip107
\mdf@subtitleinneraboveskip@length=\skip108
\mdf@subtitleinnerbelowskip@length=\skip109
\mdf@subsubtitleabovelinewidth@length=\skip110
\mdf@subsubtitlebelowlinewidth@length=\skip111
\mdf@subsubtitleaboveskip@length=\skip112
\mdf@subsubtitlebelowskip@length=\skip113
\mdf@subsubtitleinneraboveskip@length=\skip114
\mdf@subsubtitleinnerbelowskip@length=\skip115

("C:\Program Files\MiKTeX 2.9\tex\latex\mdframed\md-frame-0.mdf"
File: md-frame-0.mdf 2013/07/01\ 1.9b: md-frame-0
)
\mdf@frametitlebox=\box65
\mdf@footnotebox=\box66
\mdf@splitbox@one=\box67
\mdf@splitbox@two=\box68
\mdf@splitbox@save=\box69
\mdfsplitboxwidth=\skip116
\mdfsplitboxtotalwidth=\skip117
\mdfsplitboxheight=\skip118
\mdfsplitboxdepth=\skip119
\mdfsplitboxtotalheight=\skip120
\mdfframetitleboxwidth=\skip121
\mdfframetitleboxtotalwidth=\skip122
\mdfframetitleboxheight=\skip123
\mdfframetitleboxdepth=\skip124
\mdfframetitleboxtotalheight=\skip125
\mdffootnoteboxwidth=\skip126
\mdffootnoteboxtotalwidth=\skip127
\mdffootnoteboxheight=\skip128
\mdffootnoteboxdepth=\skip129
\mdffootnoteboxtotalheight=\skip130
\mdftotallinewidth=\skip131
\mdfboundingboxwidth=\skip132
\mdfboundingboxtotalwidth=\skip133
\mdfboundingboxheight=\skip134
\mdfboundingboxdepth=\skip135
\mdfboundingboxtotalheight=\skip136
\mdf@freevspace@length=\skip137
\mdf@horizontalwidthofbox@length=\skip138
\mdf@verticalmarginwhole@length=\skip139
\mdf@horizontalspaceofbox=\skip140
\mdfsubtitleheight=\skip141
\mdfsubsubtitleheight=\skip142
\c@mdfcountframes=\count289

****** mdframed patching \endmdf@trivlist

****** -- success******

.................................................
. LaTeX info: "xparse/define-command"
. 
. Defining command \newmdtheoremenv with sig. 'O{} m o m o ' on line 601.
.................................................
.................................................
. LaTeX info: "xparse/define-command"
. 
. Defining command \mdtheorem with sig. ' O{} m o m o ' on line 701.
.................................................
\mdf@envdepth=\count290
\c@mdf@env@i=\count291
\c@mdf@env@ii=\count292
\c@mdf@zref@counter=\count293
Package zref Info: New property: mdf@pagevalue on input line 895.
)
("C:\Program Files\MiKTeX 2.9\tex\latex\adjustbox\adjustbox.sty"
Package: adjustbox 2012/05/21 v1.0 Adjusting TeX boxes (trim, clip, ...)

("C:\Program Files\MiKTeX 2.9\tex\latex\xkeyval\xkeyval.sty"
Package: xkeyval 2014/12/03 v2.7a package option processing (HA)

("C:\Program Files\MiKTeX 2.9\tex\generic\xkeyval\xkeyval.tex"
("C:\Program Files\MiKTeX 2.9\tex\generic\xkeyval\xkvutils.tex"
\XKV@toks=\toks53
\XKV@tempa@toks=\toks54
)
\XKV@depth=\count294
File: xkeyval.tex 2014/12/03 v2.7a key=value parser (HA)
))
("C:\Program Files\MiKTeX 2.9\tex\latex\adjustbox\adjcalc.sty"
Package: adjcalc 2012/05/16 v1.1 Provides advanced setlength with multiple back
-ends (calc, etex, pgfmath)
)
("C:\Program Files\MiKTeX 2.9\tex\latex\adjustbox\trimclip.sty"
Package: trimclip 2012/05/16 v1.0 Trim and clip general TeX material

("C:\Program Files\MiKTeX 2.9\tex\latex\collectbox\collectbox.sty"
Package: collectbox 2012/05/17 v0.4b Collect macro arguments as boxes
\collectedbox=\box70
)
\tc@llx=\dimen304
\tc@lly=\dimen305
\tc@urx=\dimen306
\tc@ury=\dimen307
Package trimclip Info: Using driver 'tc-pdftex.def'.

("C:\Program Files\MiKTeX 2.9\tex\latex\adjustbox\tc-pdftex.def"
File: tc-pdftex.def 2012/05/13 v1.0 Clipping driver for pdftex
))
\adjbox@Width=\dimen308
\adjbox@Height=\dimen309
\adjbox@Depth=\dimen310
\adjbox@Totalheight=\dimen311

("C:\Program Files\MiKTeX 2.9\tex\latex\ifoddpage\ifoddpage.sty"
Package: ifoddpage 2016/04/23 v1.1 Conditionals for odd/even page detection
\c@checkoddpage=\count295
)
("C:\Program Files\MiKTeX 2.9\tex\latex\ltxmisc\varwidth.sty"
Package: varwidth 2009/03/30 ver 0.92;  Variable-width minipages
\@vwid@box=\box71
\sift@deathcycles=\count296
\@vwid@loff=\dimen312
\@vwid@roff=\dimen313
)) (thesis.aux
(1_chap.aux) (2_chap.aux) (3_chap.aux) (4_chap.aux) (5_chap.aux) (6_chap.aux)
(7_chap.aux) (8_chap.aux

LaTeX Warning: Label `fig:AUC_Dataset1_linear' multiply defined.


LaTeX Warning: Label `sub@fig:AUC_Dataset1_linear' multiply defined.


LaTeX Warning: Label `fig:CM_Dataset1_linear' multiply defined.


LaTeX Warning: Label `sub@fig:CM_Dataset1_linear' multiply defined.

) (9_chap.aux) (appA.aux

LaTeX Warning: Label `fig:h_mean_values_scatter' multiply defined.

))
\openout1 = `thesis.aux'.

LaTeX Font Info:    Checking defaults for OML/cmm/m/it on input line 100.
LaTeX Font Info:    ... okay on input line 100.
LaTeX Font Info:    Checking defaults for T1/cmr/m/n on input line 100.
LaTeX Font Info:    ... okay on input line 100.
LaTeX Font Info:    Checking defaults for OT1/cmr/m/n on input line 100.
LaTeX Font Info:    ... okay on input line 100.
LaTeX Font Info:    Checking defaults for OMS/cmsy/m/n on input line 100.
LaTeX Font Info:    ... okay on input line 100.
LaTeX Font Info:    Checking defaults for OMX/cmex/m/n on input line 100.
LaTeX Font Info:    ... okay on input line 100.
LaTeX Font Info:    Checking defaults for U/cmr/m/n on input line 100.
LaTeX Font Info:    ... okay on input line 100.
LaTeX Font Info:    Checking defaults for TS1/cmr/m/n on input line 100.
LaTeX Font Info:    Try loading font information for TS1+cmr on input line 100.

 ("C:\Program Files\MiKTeX 2.9\tex\latex\base\ts1cmr.fd"
File: ts1cmr.fd 2014/09/29 v2.5h Standard LaTeX font definitions
)
LaTeX Font Info:    ... okay on input line 100.
LaTeX Font Info:    Checking defaults for PD1/pdf/m/n on input line 100.
LaTeX Font Info:    ... okay on input line 100.
LaTeX Font Info:    Try loading font information for T1+lmr on input line 100.

("C:\Program Files\MiKTeX 2.9\tex\latex\lm\t1lmr.fd"
File: t1lmr.fd 2009/10/30 v1.6 Font defs for Latin Modern
)
("C:\Program Files\MiKTeX 2.9\tex\context\base\supp-pdf.mkii"
[Loading MPS to PDF converter (version 2006.09.02).]
\scratchcounter=\count297
\scratchdimen=\dimen314
\scratchbox=\box72
\nofMPsegments=\count298
\nofMParguments=\count299
\everyMPshowfont=\toks55
\MPscratchCnt=\count300
\MPscratchDim=\dimen315
\MPnumerator=\count301
\makeMPintoPDFobject=\count302
\everyMPtoPDFconversion=\toks56
) ("C:\Program Files\MiKTeX 2.9\tex\latex\oberdiek\epstopdf-base.sty"
Package: epstopdf-base 2016/05/15 v2.6 Base part for package epstopdf

("C:\Program Files\MiKTeX 2.9\tex\latex\oberdiek\grfext.sty"
Package: grfext 2016/05/16 v1.2 Manage graphics extensions (HO)
)
Package epstopdf-base Info: Redefining graphics rule for `.eps' on input line 4
38.
Package grfext Info: Graphics extension search list:
(grfext)             [.png,.pdf,.jpg,.mps,.jpeg,.jbig2,.jb2,.PNG,.PDF,.JPG,.JPE
G,.JBIG2,.JB2,.eps]
(grfext)             \AppendGraphicsExtensions on input line 456.
)
\c@lstlisting=\count303
LaTeX Info: Redefining \microtypecontext on input line 100.
Package microtype Info: Generating PDF output.
Package microtype Info: Character protrusion enabled (level 2).
Package microtype Info: Using default protrusion set `alltext'.
Package microtype Info: Automatic font expansion enabled (level 2),
(microtype)             stretch: 20, shrink: 20, step: 1, non-selected.
Package microtype Info: Using default expansion set `basictext'.
Package microtype Info: No adjustment of tracking.
Package microtype Info: No adjustment of interword spacing.
Package microtype Info: No adjustment of character kerning.

("C:\Program Files\MiKTeX 2.9\tex\latex\microtype\mt-cmr.cfg"
File: mt-cmr.cfg 2013/05/19 v2.2 microtype config. file: Computer Modern Roman 
(RS)
)
ABD: EveryShipout initializing macros

Package pgfplots Warning: running in backwards compatibility mode (unsuitable t
ick labels; missing features). Consider writing \pgfplotsset{compat=1.14} into 
your preamble.
 on input line 100.

\AtBeginShipoutBox=\box73
Package hyperref Info: Link coloring OFF on input line 100.
("C:\Program Files\MiKTeX 2.9\tex\latex\hyperref\nameref.sty"
Package: nameref 2016/05/21 v2.44 Cross-referencing by name of section

("C:\Program Files\MiKTeX 2.9\tex\generic\oberdiek\gettitlestring.sty"
Package: gettitlestring 2016/05/16 v1.5 Cleanup title references (HO)
)
\c@section@level=\count304
)
LaTeX Info: Redefining \ref on input line 100.
LaTeX Info: Redefining \pageref on input line 100.
LaTeX Info: Redefining \nameref on input line 100.

(thesis.out) (thesis.out)
\@outlinefile=\write4
\openout4 = `thesis.out'.

Package caption Info: Begin \AtBeginDocument code.
Package caption Info: float package is loaded.
Package caption Info: End \AtBeginDocument code.

*geometry* driver: auto-detecting
*geometry* detected driver: pdftex
*geometry* verbose mode - [ preamble ] result:
* driver: pdftex
* paper: <default>
* layout: <same size as paper>
* layoutoffset:(h,v)=(0.0pt,0.0pt)
* modes: 
* h-part:(L,W,R)=(108.405pt, 433.62001pt, 72.26999pt)
* v-part:(T,H,B)=(90.3375pt, 614.295pt, 90.3375pt)
* \paperwidth=614.295pt
* \paperheight=794.96999pt
* \textwidth=433.62001pt
* \textheight=614.295pt
* \oddsidemargin=36.13501pt
* \evensidemargin=36.13501pt
* \topmargin=-7.94972pt
* \headheight=0.72229pt
* \headsep=25.29494pt
* \topskip=12.0pt
* \footskip=36.135pt
* \marginparwidth=72.26999pt
* \marginparsep=14.45377pt
* \columnsep=10.0pt
* \skip\footins=10.8pt plus 4.0pt minus 2.0pt
* \hoffset=0.0pt
* \voffset=0.0pt
* \mag=1000
* \@twocolumnfalse
* \@twosidefalse
* \@mparswitchfalse
* \@reversemarginfalse
* (1in=72.27pt=25.4mm, 1cm=28.453pt)

\openout12 = `thesisbib.aux'.

\c@@tmppage=\count305
\@tmpheighta=\skip143
\@tmpheightb=\skip144
[1

{C:/Users/achavda156294/AppData/Local/MiKTeX/2.9/pdftex/config/pdftex.map}]
LaTeX Font Info:    Try loading font information for TS1+lmr on input line 148.


("C:\Program Files\MiKTeX 2.9\tex\latex\lm\ts1lmr.fd"
File: ts1lmr.fd 2009/10/30 v1.6 Font defs for Latin Modern
) [2]
LaTeX Font Info:    Try loading font information for OT1+lmr on input line 148.


("C:\Program Files\MiKTeX 2.9\tex\latex\lm\ot1lmr.fd"
File: ot1lmr.fd 2009/10/30 v1.6 Font defs for Latin Modern
)<<ot1.cmap>>
LaTeX Font Info:    Try loading font information for OML+lmm on input line 148.


("C:\Program Files\MiKTeX 2.9\tex\latex\lm\omllmm.fd"
File: omllmm.fd 2009/10/30 v1.6 Font defs for Latin Modern
)<<oml.cmap>>
LaTeX Font Info:    Try loading font information for OMS+lmsy on input line 148
.

("C:\Program Files\MiKTeX 2.9\tex\latex\lm\omslmsy.fd"
File: omslmsy.fd 2009/10/30 v1.6 Font defs for Latin Modern
)<<oms.cmap>>
LaTeX Font Info:    Try loading font information for OMX+lmex on input line 148
.

("C:\Program Files\MiKTeX 2.9\tex\latex\lm\omxlmex.fd"
File: omxlmex.fd 2009/10/30 v1.6 Font defs for Latin Modern
)
LaTeX Font Info:    External font `lmex10' loaded for size
(Font)              <12> on input line 148.
<<omx.cmap>>
LaTeX Font Info:    External font `lmex10' loaded for size
(Font)              <8> on input line 148.
LaTeX Font Info:    External font `lmex10' loaded for size
(Font)              <6> on input line 148.
LaTeX Font Info:    Try loading font information for U+msa on input line 148.

("C:\Program Files\MiKTeX 2.9\tex\latex\amsfonts\umsa.fd"
File: umsa.fd 2013/01/14 v3.01 AMS symbols A
)
("C:\Program Files\MiKTeX 2.9\tex\latex\microtype\mt-msa.cfg"
File: mt-msa.cfg 2006/02/04 v1.1 microtype config. file: AMS symbols (a) (RS)
)
LaTeX Font Info:    Try loading font information for U+msb on input line 148.

("C:\Program Files\MiKTeX 2.9\tex\latex\amsfonts\umsb.fd"
File: umsb.fd 2013/01/14 v3.01 AMS symbols B
)
("C:\Program Files\MiKTeX 2.9\tex\latex\microtype\mt-msb.cfg"
File: mt-msb.cfg 2005/06/01 v1.0 microtype config. file: AMS symbols (b) (RS)
) [3] (0_abs.tex)
[4

] (ack.tex) [5

] (thesis.toc [6

])
\tf@toc=\write5
\openout5 = `thesis.toc'.


Overfull \vbox (673.88487pt too high) has occurred while \output is active []


[7] (thesis.lot)
\tf@lot=\write6
\openout6 = `thesis.lot'.

 [8

] (thesis.lof [9

]
Overfull \vbox (673.88487pt too high) has occurred while \output is active []


[10])
\tf@lof=\write7
\openout7 = `thesis.lof'.


Overfull \vbox (673.88487pt too high) has occurred while \output is active []


[11]
\openout2 = `1_chap.aux'.

 (1_chap.tex
CHAPTER 1.
[1


] <images/architecture.png, id=361, 607.068pt x 291.489pt>
File: images/architecture.png Graphic file (type png)

<use images/architecture.png>
Package pdftex.def Info: images/architecture.png used on input line 17.
(pdftex.def)             Requested size: 433.62001pt x 208.204pt.
) [2 <./images/architecture.png>] [3]
\openout2 = `2_chap.aux'.

 (2_chap.tex
CHAPTER 2.
[4



] [5]) [6]
\openout2 = `3_chap.aux'.

 (3_chap.tex
CHAPTER 3.
<images/ham_histogram.jpg, id=407, 803.0pt x 597.23125pt>
File: images/ham_histogram.jpg Graphic file (type jpg)

<use images/ham_histogram.jpg>
Package pdftex.def Info: images/ham_histogram.jpg used on input line 15.
(pdftex.def)             Requested size: 195.12767pt x 145.12457pt.

<images/spam_histogram.jpg, id=408, 803.0pt x 597.23125pt>
File: images/spam_histogram.jpg Graphic file (type jpg)

<use images/spam_histogram.jpg>
Package pdftex.def Info: images/spam_histogram.jpg used on input line 20.
(pdftex.def)             Requested size: 195.12767pt x 145.12457pt.

Overfull \hbox (2.61105pt too wide) in paragraph at lines 14--24
[]$[]$ $[]$ 
 []


LaTeX Warning: `h' float specifier changed to `ht'.

[7



] <images/ham_HSV_histogram.jpg, id=415, 803.0pt x 597.23125pt>
File: images/ham_HSV_histogram.jpg Graphic file (type jpg)

<use images/ham_HSV_histogram.jpg>
Package pdftex.def Info: images/ham_HSV_histogram.jpg used on input line 43.
(pdftex.def)             Requested size: 195.12767pt x 145.12457pt.

<images/spam_HSV_histogram.jpg, id=416, 803.0pt x 597.23125pt>
File: images/spam_HSV_histogram.jpg Graphic file (type jpg)

<use images/spam_HSV_histogram.jpg>
Package pdftex.def Info: images/spam_HSV_histogram.jpg used on input line 48.
(pdftex.def)             Requested size: 195.12767pt x 145.12457pt.

Overfull \hbox (2.61105pt too wide) in paragraph at lines 42--52
[]$[]$ $[]$ 
 []


LaTeX Warning: `h' float specifier changed to `ht'.

[8 <./images/ham_histogram.jpg> <./images/spam_histogram.jpg>]
<images/cannyEdges.PNG, id=425, 560.0925pt x 436.029pt>
File: images/cannyEdges.PNG Graphic file (type png)

<use images/cannyEdges.PNG>
Package pdftex.def Info: images/cannyEdges.PNG used on input line 67.
(pdftex.def)             Requested size: 325.215pt x 253.18973pt.


LaTeX Warning: `h' float specifier changed to `ht'.


Overfull \hbox (1.29567pt too wide) in paragraph at lines 88--88
[]|\T1/lmr/m/n/12 (-20) Metadata 
 []


Overfull \vbox (14.5pt too high) detected at line 129
 []


Overfull \hbox (50.95915pt too wide) in paragraph at lines 84--141
 [][] 
 []

[9 <./images/ham_HSV_histogram.jpg> <./images/spam_HSV_histogram.jpg>])
[10 <./images/cannyEdges.PNG>]

LaTeX Warning: Text page 11 contains only floats.


Overfull \vbox (7.50435pt too high) has occurred while \output is active []


[11]
\openout2 = `4_chap.aux'.

 (4_chap.tex
CHAPTER 4.
) [12



]
\openout2 = `5_chap.aux'.

 (5_chap.tex
CHAPTER 5.

LaTeX Warning: Reference `' on page 13 undefined on input line 9.

<images/svm-hyperplane.png, id=449, 356.532pt x 345.08925pt>
File: images/svm-hyperplane.png Graphic file (type png)

<use images/svm-hyperplane.png>
Package pdftex.def Info: images/svm-hyperplane.png used on input line 12.
(pdftex.def)             Requested size: 249.57068pt x 241.56082pt.
 [13



] [14 <./images/svm-hyperplane.png>]
[15] <images/confusionMatrix.png, id=472, 487.8225pt x 361.95226pt>
File: images/confusionMatrix.png Graphic file (type png)

<use images/confusionMatrix.png>
Package pdftex.def Info: images/confusionMatrix.png used on input line 60.
(pdftex.def)             Requested size: 216.81pt x 160.86665pt.
 [16]
<images/rocCurve.png, id=482, 578.16pt x 430.0065pt>
File: images/rocCurve.png Graphic file (type png)
 <use images/rocCurve.png>
Package pdftex.def Info: images/rocCurve.png used on input line 75.
(pdftex.def)             Requested size: 216.81pt x 161.25203pt.
) [17 <./images/confusionMatrix.png>] [18 <./images/rocCurve.png>]
\openout2 = `6_chap.aux'.

 (6_chap.tex
CHAPTER 6.
) [19



]
\openout2 = `7_chap.aux'.

 (7_chap.tex
CHAPTER 7.
<images/testDataset.PNG, id=500, 573.94424pt x 241.50224pt>
File: images/testDataset.PNG Graphic file (type png)

<use images/testDataset.PNG>
Package pdftex.def Info: images/testDataset.PNG used on input line 18.
(pdftex.def)             Requested size: 401.75822pt x 169.0504pt.

<images/CompressionRatio_values_scatter.png, id=503, 578.16pt x 430.0065pt>
File: images/CompressionRatio_values_scatter.png Graphic file (type png)

<use images/CompressionRatio_values_scatter.png>
Package pdftex.def Info: images/CompressionRatio_values_scatter.png used on inp
ut line 28.
(pdftex.def)             Requested size: 195.12767pt x 145.1242pt.

<images/EntropyOfColorHistogram_values_scatter.png, id=504, 578.16pt x 430.0065
pt>
File: images/EntropyOfColorHistogram_values_scatter.png Graphic file (type png)

 <use images/EntropyOfColorHistogram_values_scatter.png>
Package pdftex.def Info: images/EntropyOfColorHistogram_values_scatter.png used
 on input line 33.
(pdftex.def)             Requested size: 195.12767pt x 145.1242pt.

Overfull \hbox (2.61105pt too wide) in paragraph at lines 27--37
[]$[]$ $[]$ 
 []


LaTeX Warning: `h' float specifier changed to `ht'.

) [20



] [21 <./images/testDataset.PNG> <./images/CompressionRatio_values_scatter.png>
 <./images/EntropyOfColorHistogram_values_scatter.png>]
\openout2 = `8_chap.aux'.

 (8_chap.tex
CHAPTER 8.
<images/svm-flow.PNG, id=520, 599.841pt x 352.9185pt>
File: images/svm-flow.PNG Graphic file (type png)

<use images/svm-flow.PNG>
Package pdftex.def Info: images/svm-flow.PNG used on input line 12.
(pdftex.def)             Requested size: 390.25536pt x 229.61508pt.


LaTeX Warning: `h' float specifier changed to `ht'.

<images/Dataset1-SVM-IndividualFeatures.png, id=522, 1734.48pt x 849.1725pt>
File: images/Dataset1-SVM-IndividualFeatures.png Graphic file (type png)

<use images/Dataset1-SVM-IndividualFeatures.png>
Package pdftex.def Info: images/Dataset1-SVM-IndividualFeatures.png used on inp
ut line 21.
(pdftex.def)             Requested size: 433.62001pt x 212.2926pt.

<images/Dataset2-SVM-IndividualFeatures.png, id=523, 1734.48pt x 849.1725pt>
File: images/Dataset2-SVM-IndividualFeatures.png Graphic file (type png)

<use images/Dataset2-SVM-IndividualFeatures.png>
Package pdftex.def Info: images/Dataset2-SVM-IndividualFeatures.png used on inp
ut line 26.
(pdftex.def)             Requested size: 433.62001pt x 212.2926pt.

<images/TestDataset-SVM-IndividualFeatures.png, id=524, 1734.48pt x 849.1725pt>
File: images/TestDataset-SVM-IndividualFeatures.png Graphic file (type png)
<use images/TestDataset-SVM-IndividualFeatures.png>
Package pdftex.def Info: images/TestDataset-SVM-IndividualFeatures.png used on 
input line 32.
(pdftex.def)             Requested size: 433.62001pt x 212.2926pt.


LaTeX Warning: Float too large for page by 107.88277pt on input line 39.


LaTeX Warning: `h' float specifier changed to `ht'.

[22



] <images/AUC-Dataset1-linear.png, id=532, 578.16pt x 433.62pt>
File: images/AUC-Dataset1-linear.png Graphic file (type png)

<use images/AUC-Dataset1-linear.png>
Package pdftex.def Info: images/AUC-Dataset1-linear.png used on input line 67.
(pdftex.def)             Requested size: 195.12767pt x 146.34373pt.

<images/CM-Dataset1-linear.png, id=533, 578.16pt x 433.62pt>
File: images/CM-Dataset1-linear.png Graphic file (type png)

<use images/CM-Dataset1-linear.png>
Package pdftex.def Info: images/CM-Dataset1-linear.png used on input line 72.
(pdftex.def)             Requested size: 195.12767pt x 146.34373pt.

Overfull \hbox (2.61105pt too wide) in paragraph at lines 66--76
[]$[]$ $[]$ 
 []


LaTeX Warning: `h' float specifier changed to `ht'.

<images/AUC-Dataset1-rbf.png, id=534, 578.16pt x 430.0065pt>
File: images/AUC-Dataset1-rbf.png Graphic file (type png)

<use images/AUC-Dataset1-rbf.png>
Package pdftex.def Info: images/AUC-Dataset1-rbf.png used on input line 86.
(pdftex.def)             Requested size: 195.12767pt x 145.1242pt.

<images/CM-Dataset1-rbf.png, id=535, 578.16pt x 433.62pt>
File: images/CM-Dataset1-rbf.png Graphic file (type png)

<use images/CM-Dataset1-rbf.png>
Package pdftex.def Info: images/CM-Dataset1-rbf.png used on input line 91.
(pdftex.def)             Requested size: 195.12767pt x 146.34373pt.

Overfull \hbox (2.61105pt too wide) in paragraph at lines 85--95
[]$[]$ $[]$ 
 []


LaTeX Warning: `h' float specifier changed to `ht'.

<images/AUC-Dataset1-poly.png, id=536, 578.16pt x 433.62pt>
File: images/AUC-Dataset1-poly.png Graphic file (type png)

<use images/AUC-Dataset1-poly.png>
Package pdftex.def Info: images/AUC-Dataset1-poly.png used on input line 104.
(pdftex.def)             Requested size: 195.12767pt x 146.34373pt.

<images/CM-Dataset1-poly.png, id=537, 578.16pt x 433.62pt>
File: images/CM-Dataset1-poly.png Graphic file (type png)

<use images/CM-Dataset1-poly.png>
Package pdftex.def Info: images/CM-Dataset1-poly.png used on input line 109.
(pdftex.def)             Requested size: 195.12767pt x 146.34373pt.

Overfull \hbox (2.61105pt too wide) in paragraph at lines 103--113
[]$[]$ $[]$ 
 []


LaTeX Warning: `h' float specifier changed to `ht'.

[23 <./images/svm-flow.PNG>]
<images/AUC-Dataset2-linear.png, id=544, 578.16pt x 433.62pt>
File: images/AUC-Dataset2-linear.png Graphic file (type png)

<use images/AUC-Dataset2-linear.png>
Package pdftex.def Info: images/AUC-Dataset2-linear.png used on input line 147.

(pdftex.def)             Requested size: 195.12767pt x 146.34373pt.

<images/CM-Dataset2-linear.png, id=545, 578.16pt x 433.62pt>
File: images/CM-Dataset2-linear.png Graphic file (type png)

<use images/CM-Dataset2-linear.png>
Package pdftex.def Info: images/CM-Dataset2-linear.png used on input line 152.
(pdftex.def)             Requested size: 195.12767pt x 146.34373pt.

Overfull \hbox (2.61105pt too wide) in paragraph at lines 146--156
[]$[]$ $[]$ 
 []


LaTeX Warning: `h' float specifier changed to `ht'.

<images/AUC-Dataset2-rbf.png, id=546, 578.16pt x 430.0065pt>
File: images/AUC-Dataset2-rbf.png Graphic file (type png)

<use images/AUC-Dataset2-rbf.png>
Package pdftex.def Info: images/AUC-Dataset2-rbf.png used on input line 166.
(pdftex.def)             Requested size: 195.12767pt x 145.1242pt.

<images/CM-Dataset2-rbf.png, id=547, 578.16pt x 433.62pt>
File: images/CM-Dataset2-rbf.png Graphic file (type png)

<use images/CM-Dataset2-rbf.png>
Package pdftex.def Info: images/CM-Dataset2-rbf.png used on input line 171.
(pdftex.def)             Requested size: 195.12767pt x 146.34373pt.

Overfull \hbox (2.61105pt too wide) in paragraph at lines 165--175
[]$[]$ $[]$ 
 []


LaTeX Warning: `h' float specifier changed to `ht'.

<images/AUC-Dataset2-poly.png, id=548, 578.16pt x 433.62pt>
File: images/AUC-Dataset2-poly.png Graphic file (type png)

<use images/AUC-Dataset2-poly.png>
Package pdftex.def Info: images/AUC-Dataset2-poly.png used on input line 184.
(pdftex.def)             Requested size: 195.12767pt x 146.34373pt.

<images/CM-Dataset2-poly.png, id=549, 578.16pt x 433.62pt>
File: images/CM-Dataset2-poly.png Graphic file (type png)

<use images/CM-Dataset2-poly.png>
Package pdftex.def Info: images/CM-Dataset2-poly.png used on input line 189.
(pdftex.def)             Requested size: 195.12767pt x 146.34373pt.

Overfull \hbox (2.61105pt too wide) in paragraph at lines 183--193
[]$[]$ $[]$ 
 []


LaTeX Warning: `h' float specifier changed to `ht'.

<images/AUC-TestDataset-linear.png, id=551, 578.16pt x 433.62pt>
File: images/AUC-TestDataset-linear.png Graphic file (type png)

<use images/AUC-TestDataset-linear.png>
Package pdftex.def Info: images/AUC-TestDataset-linear.png used on input line 2
26.
(pdftex.def)             Requested size: 195.12767pt x 146.34373pt.

<images/CM-TestDataset-linear.png, id=552, 578.16pt x 433.62pt>
File: images/CM-TestDataset-linear.png Graphic file (type png)

<use images/CM-TestDataset-linear.png>
Package pdftex.def Info: images/CM-TestDataset-linear.png used on input line 23
1.
(pdftex.def)             Requested size: 195.12767pt x 146.34373pt.

Overfull \hbox (2.61105pt too wide) in paragraph at lines 225--235
[]$[]$ $[]$ 
 []


LaTeX Warning: `h' float specifier changed to `ht'.

<images/AUC-TestDataset-rbf.png, id=553, 578.16pt x 430.0065pt>
File: images/AUC-TestDataset-rbf.png Graphic file (type png)

<use images/AUC-TestDataset-rbf.png>
Package pdftex.def Info: images/AUC-TestDataset-rbf.png used on input line 245.

(pdftex.def)             Requested size: 195.12767pt x 145.1242pt.

<images/CM-TestDataset-rbf.png, id=554, 578.16pt x 433.62pt>
File: images/CM-TestDataset-rbf.png Graphic file (type png)

<use images/CM-TestDataset-rbf.png>
Package pdftex.def Info: images/CM-TestDataset-rbf.png used on input line 250.
(pdftex.def)             Requested size: 195.12767pt x 146.34373pt.

Overfull \hbox (2.61105pt too wide) in paragraph at lines 244--254
[]$[]$ $[]$ 
 []


LaTeX Warning: `h' float specifier changed to `ht'.

<images/AUC-TestDataset-poly.png, id=555, 578.16pt x 433.62pt>
File: images/AUC-TestDataset-poly.png Graphic file (type png)

<use images/AUC-TestDataset-poly.png>
Package pdftex.def Info: images/AUC-TestDataset-poly.png used on input line 263
.
(pdftex.def)             Requested size: 195.12767pt x 146.34373pt.

<images/CM-TestDataset-poly.png, id=556, 578.16pt x 433.62pt>
File: images/CM-TestDataset-poly.png Graphic file (type png)

<use images/CM-TestDataset-poly.png>
Package pdftex.def Info: images/CM-TestDataset-poly.png used on input line 268.

(pdftex.def)             Requested size: 195.12767pt x 146.34373pt.

Overfull \hbox (2.61105pt too wide) in paragraph at lines 262--272
[]$[]$ $[]$ 
 []


LaTeX Warning: `h' float specifier changed to `ht'.

[24]) [25] [26 <./images/Dataset1-SVM-IndividualFeatures.png> <./images/Dataset
2-SVM-IndividualFeatures.png> <./images/TestDataset-SVM-IndividualFeatures.png>
] [27 <./images/AUC-Dataset1-linear.png> <./images/CM-Dataset1-linear.png> <./i
mages/AUC-Dataset1-rbf.png> <./images/CM-Dataset1-rbf.png> <./images/AUC-Datase
t1-poly.png> <./images/CM-Dataset1-poly.png>] [28 <./images/AUC-Dataset2-linear
.png> <./images/CM-Dataset2-linear.png> <./images/AUC-Dataset2-rbf.png> <./imag
es/CM-Dataset2-rbf.png> <./images/AUC-Dataset2-poly.png> <./images/CM-Dataset2-
poly.png>] [29 <./images/AUC-TestDataset-linear.png> <./images/CM-TestDataset-l
inear.png> <./images/AUC-TestDataset-rbf.png> <./images/CM-TestDataset-rbf.png>
 <./images/AUC-TestDataset-poly.png> <./images/CM-TestDataset-poly.png>]
\openout2 = `9_chap.aux'.


(9_chap.tex
CHAPTER 9.
) [30



] (thesis.bbl [31


]) [32]
\openout2 = `appA.aux'.

 (appA.tex
Appendix A.
<images/appA/Height_values_scatter.png, id=635, 578.16pt x 433.62pt>
File: images/appA/Height_values_scatter.png Graphic file (type png)

<use images/appA/Height_values_scatter.png>
Package pdftex.def Info: images/appA/Height_values_scatter.png used on input li
ne 9.
(pdftex.def)             Requested size: 216.81pt x 162.6071pt.

<images/appA/Width_values_scatter.png, id=636, 578.16pt x 433.62pt>
File: images/appA/Width_values_scatter.png Graphic file (type png)

<use images/appA/Width_values_scatter.png>
Package pdftex.def Info: images/appA/Width_values_scatter.png used on input lin
e 15.
(pdftex.def)             Requested size: 216.81pt x 162.6071pt.

<images/appA/AspectRatio_values_scatter.png, id=637, 578.16pt x 433.62pt>
File: images/appA/AspectRatio_values_scatter.png Graphic file (type png)

<use images/appA/AspectRatio_values_scatter.png>
Package pdftex.def Info: images/appA/AspectRatio_values_scatter.png used on inp
ut line 29.
(pdftex.def)             Requested size: 216.81pt x 162.6071pt.

<images/appA/CompressionRatio_values_scatter.png, id=638, 578.16pt x 433.62pt>
File: images/appA/CompressionRatio_values_scatter.png Graphic file (type png)

<use images/appA/CompressionRatio_values_scatter.png>
Package pdftex.def Info: images/appA/CompressionRatio_values_scatter.png used o
n input line 35.
(pdftex.def)             Requested size: 216.81pt x 162.6071pt.

<images/appA/FileSize_values_scatter.png, id=639, 578.16pt x 433.62pt>
File: images/appA/FileSize_values_scatter.png Graphic file (type png)

<use images/appA/FileSize_values_scatter.png>
Package pdftex.def Info: images/appA/FileSize_values_scatter.png used on input 
line 47.
(pdftex.def)             Requested size: 216.81pt x 162.6071pt.

<images/appA/ImageArea_values_scatter.png, id=640, 578.16pt x 433.62pt>
File: images/appA/ImageArea_values_scatter.png Graphic file (type png)

<use images/appA/ImageArea_values_scatter.png>
Package pdftex.def Info: images/appA/ImageArea_values_scatter.png used on input
 line 53.
(pdftex.def)             Requested size: 216.81pt x 162.6071pt.


LaTeX Warning: `h' float specifier changed to `ht'.


<images/appA/Entropyofcolorhistogram_values_scatter.png, id=641, 578.16pt x 433
.62pt>
File: images/appA/Entropyofcolorhistogram_values_scatter.png Graphic file (type
 png)
 <use images/appA/Entropyofcolorhistogram_values_scatter.png>
Package pdftex.def Info: images/appA/Entropyofcolorhistogram_values_scatter.png
 used on input line 65.
(pdftex.def)             Requested size: 216.81pt x 162.6071pt.

<images/appA/Mean1_values_scatter.png, id=642, 578.16pt x 433.62pt>
File: images/appA/Mean1_values_scatter.png Graphic file (type png)

<use images/appA/Mean1_values_scatter.png>
Package pdftex.def Info: images/appA/Mean1_values_scatter.png used on input lin
e 71.
(pdftex.def)             Requested size: 216.81pt x 162.6071pt.


LaTeX Warning: `h' float specifier changed to `ht'.

<images/appA/Mean2_values_scatter.png, id=643, 578.16pt x 433.62pt>
File: images/appA/Mean2_values_scatter.png Graphic file (type png)

<use images/appA/Mean2_values_scatter.png>
Package pdftex.def Info: images/appA/Mean2_values_scatter.png used on input lin
e 82.
(pdftex.def)             Requested size: 216.81pt x 162.6071pt.

<images/appA/Mean3_values_scatter.png, id=644, 578.16pt x 433.62pt>
File: images/appA/Mean3_values_scatter.png Graphic file (type png)

<use images/appA/Mean3_values_scatter.png>
Package pdftex.def Info: images/appA/Mean3_values_scatter.png used on input lin
e 88.
(pdftex.def)             Requested size: 216.81pt x 162.6071pt.


LaTeX Warning: `h' float specifier changed to `ht'.

<images/appA/Skew1_values_scatter.png, id=645, 578.16pt x 433.62pt>
File: images/appA/Skew1_values_scatter.png Graphic file (type png)

<use images/appA/Skew1_values_scatter.png>
Package pdftex.def Info: images/appA/Skew1_values_scatter.png used on input lin
e 101.
(pdftex.def)             Requested size: 216.81pt x 162.6071pt.

<images/appA/Skew2_values_scatter.png, id=646, 578.16pt x 433.62pt>
File: images/appA/Skew2_values_scatter.png Graphic file (type png)

<use images/appA/Skew2_values_scatter.png>
Package pdftex.def Info: images/appA/Skew2_values_scatter.png used on input lin
e 107.
(pdftex.def)             Requested size: 216.81pt x 162.6071pt.


LaTeX Warning: `h' float specifier changed to `ht'.

<images/appA/Skew3_values_scatter.png, id=647, 578.16pt x 433.62pt>
File: images/appA/Skew3_values_scatter.png Graphic file (type png)

<use images/appA/Skew3_values_scatter.png>
Package pdftex.def Info: images/appA/Skew3_values_scatter.png used on input lin
e 117.
(pdftex.def)             Requested size: 216.81pt x 162.6071pt.

<images/appA/Variance1_values_scatter.png, id=648, 578.16pt x 433.62pt>
File: images/appA/Variance1_values_scatter.png Graphic file (type png)

<use images/appA/Variance1_values_scatter.png>
Package pdftex.def Info: images/appA/Variance1_values_scatter.png used on input
 line 123.
(pdftex.def)             Requested size: 216.81pt x 162.6071pt.


LaTeX Warning: `h' float specifier changed to `ht'.

<images/appA/Variance2_values_scatter.png, id=649, 578.16pt x 433.62pt>
File: images/appA/Variance2_values_scatter.png Graphic file (type png)

<use images/appA/Variance2_values_scatter.png>
Package pdftex.def Info: images/appA/Variance2_values_scatter.png used on input
 line 134.
(pdftex.def)             Requested size: 216.81pt x 162.6071pt.

<images/appA/Variance3_values_scatter.png, id=650, 578.16pt x 433.62pt>
File: images/appA/Variance3_values_scatter.png Graphic file (type png)

<use images/appA/Variance3_values_scatter.png>
Package pdftex.def Info: images/appA/Variance3_values_scatter.png used on input
 line 140.
(pdftex.def)             Requested size: 216.81pt x 162.6071pt.


LaTeX Warning: `h' float specifier changed to `ht'.

<images/appA/kurtosis1_values_scatter.png, id=651, 578.16pt x 433.62pt>
File: images/appA/kurtosis1_values_scatter.png Graphic file (type png)

<use images/appA/kurtosis1_values_scatter.png>
Package pdftex.def Info: images/appA/kurtosis1_values_scatter.png used on input
 line 151.
(pdftex.def)             Requested size: 216.81pt x 162.6071pt.

<images/appA/kurtosis2_values_scatter.png, id=652, 578.16pt x 433.62pt>
File: images/appA/kurtosis2_values_scatter.png Graphic file (type png)

<use images/appA/kurtosis2_values_scatter.png>
Package pdftex.def Info: images/appA/kurtosis2_values_scatter.png used on input
 line 157.
(pdftex.def)             Requested size: 216.81pt x 162.6071pt.


LaTeX Warning: `h' float specifier changed to `ht'.

<images/appA/kurtosis3_values_scatter.png, id=653, 578.16pt x 433.62pt>
File: images/appA/kurtosis3_values_scatter.png Graphic file (type png)

<use images/appA/kurtosis3_values_scatter.png>
Package pdftex.def Info: images/appA/kurtosis3_values_scatter.png used on input
 line 169.
(pdftex.def)             Requested size: 216.81pt x 162.6071pt.

<images/appA/HSV_values_scatter.png, id=654, 578.16pt x 433.62pt>
File: images/appA/HSV_values_scatter.png Graphic file (type png)

<use images/appA/HSV_values_scatter.png>
Package pdftex.def Info: images/appA/HSV_values_scatter.png used on input line 
175.
(pdftex.def)             Requested size: 216.81pt x 162.6071pt.


LaTeX Warning: `h' float specifier changed to `ht'.

<images/appA/h_mean_values_scatter.png, id=655, 578.16pt x 433.62pt>
File: images/appA/h_mean_values_scatter.png Graphic file (type png)

<use images/appA/h_mean_values_scatter.png>
Package pdftex.def Info: images/appA/h_mean_values_scatter.png used on input li
ne 186.
(pdftex.def)             Requested size: 216.81pt x 162.6071pt.

<images/appA/s_mean_values_scatter.png, id=656, 578.16pt x 433.62pt>
File: images/appA/s_mean_values_scatter.png Graphic file (type png)

<use images/appA/s_mean_values_scatter.png>
Package pdftex.def Info: images/appA/s_mean_values_scatter.png used on input li
ne 192.
(pdftex.def)             Requested size: 216.81pt x 162.6071pt.


LaTeX Warning: `h' float specifier changed to `ht'.

<images/appA/i_mean_values_scatter.png, id=657, 578.16pt x 433.62pt>
File: images/appA/i_mean_values_scatter.png Graphic file (type png)

<use images/appA/i_mean_values_scatter.png>
Package pdftex.def Info: images/appA/i_mean_values_scatter.png used on input li
ne 203.
(pdftex.def)             Requested size: 216.81pt x 162.6071pt.

<images/appA/h_skew_values_scatter.png, id=658, 578.16pt x 433.62pt>
File: images/appA/h_skew_values_scatter.png Graphic file (type png)

<use images/appA/h_skew_values_scatter.png>
Package pdftex.def Info: images/appA/h_skew_values_scatter.png used on input li
ne 209.
(pdftex.def)             Requested size: 216.81pt x 162.6071pt.


LaTeX Warning: `h' float specifier changed to `ht'.

<images/appA/s_skew_values_scatter.png, id=659, 578.16pt x 433.62pt>
File: images/appA/s_skew_values_scatter.png Graphic file (type png)

<use images/appA/s_skew_values_scatter.png>
Package pdftex.def Info: images/appA/s_skew_values_scatter.png used on input li
ne 220.
(pdftex.def)             Requested size: 216.81pt x 162.6071pt.

<images/appA/i_skew_values_scatter.png, id=660, 578.16pt x 433.62pt>
File: images/appA/i_skew_values_scatter.png Graphic file (type png)

<use images/appA/i_skew_values_scatter.png>
Package pdftex.def Info: images/appA/i_skew_values_scatter.png used on input li
ne 226.
(pdftex.def)             Requested size: 216.81pt x 162.6071pt.


LaTeX Warning: `h' float specifier changed to `ht'.

<images/appA/h_variance_values_scatter.png, id=661, 578.16pt x 433.62pt>
File: images/appA/h_variance_values_scatter.png Graphic file (type png)

<use images/appA/h_variance_values_scatter.png>
Package pdftex.def Info: images/appA/h_variance_values_scatter.png used on inpu
t line 238.
(pdftex.def)             Requested size: 216.81pt x 162.6071pt.

<images/appA/s_variance_values_scatter.png, id=662, 578.16pt x 433.62pt>
File: images/appA/s_variance_values_scatter.png Graphic file (type png)

<use images/appA/s_variance_values_scatter.png>
Package pdftex.def Info: images/appA/s_variance_values_scatter.png used on inpu
t line 244.
(pdftex.def)             Requested size: 216.81pt x 162.6071pt.


LaTeX Warning: `h' float specifier changed to `ht'.

<images/appA/i_variance_values_scatter.png, id=663, 578.16pt x 433.62pt>
File: images/appA/i_variance_values_scatter.png Graphic file (type png)

<use images/appA/i_variance_values_scatter.png>
Package pdftex.def Info: images/appA/i_variance_values_scatter.png used on inpu
t line 255.
(pdftex.def)             Requested size: 216.81pt x 162.6071pt.

<images/appA/h_kurtosis_values_scatter.png, id=664, 578.16pt x 433.62pt>
File: images/appA/h_kurtosis_values_scatter.png Graphic file (type png)

<use images/appA/h_kurtosis_values_scatter.png>
Package pdftex.def Info: images/appA/h_kurtosis_values_scatter.png used on inpu
t line 261.
(pdftex.def)             Requested size: 216.81pt x 162.6071pt.


LaTeX Warning: `h' float specifier changed to `ht'.

<images/appA/s_kurtosis_values_scatter.png, id=665, 578.16pt x 433.62pt>
File: images/appA/s_kurtosis_values_scatter.png Graphic file (type png)

<use images/appA/s_kurtosis_values_scatter.png>
Package pdftex.def Info: images/appA/s_kurtosis_values_scatter.png used on inpu
t line 272.
(pdftex.def)             Requested size: 216.81pt x 162.6071pt.

<images/appA/i_kurtosis_values_scatter.png, id=666, 578.16pt x 433.62pt>
File: images/appA/i_kurtosis_values_scatter.png Graphic file (type png)

<use images/appA/i_kurtosis_values_scatter.png>
Package pdftex.def Info: images/appA/i_kurtosis_values_scatter.png used on inpu
t line 278.
(pdftex.def)             Requested size: 216.81pt x 162.6071pt.


LaTeX Warning: `h' float specifier changed to `ht'.

<images/appA/EntropyofLBP_values_scatter.png, id=667, 578.16pt x 433.62pt>
File: images/appA/EntropyofLBP_values_scatter.png Graphic file (type png)

<use images/appA/EntropyofLBP_values_scatter.png>
Package pdftex.def Info: images/appA/EntropyofLBP_values_scatter.png used on in
put line 290.
(pdftex.def)             Requested size: 216.81pt x 162.6071pt.

<images/appA/EntropyofHOG_values_scatter.png, id=668, 578.16pt x 433.62pt>
File: images/appA/EntropyofHOG_values_scatter.png Graphic file (type png)

<use images/appA/EntropyofHOG_values_scatter.png>
Package pdftex.def Info: images/appA/EntropyofHOG_values_scatter.png used on in
put line 296.
(pdftex.def)             Requested size: 216.81pt x 162.6071pt.


LaTeX Warning: `h' float specifier changed to `ht'.

<images/appA/edgecount_values_scatter.png, id=669, 578.16pt x 433.62pt>
File: images/appA/edgecount_values_scatter.png Graphic file (type png)

<use images/appA/edgecount_values_scatter.png>
Package pdftex.def Info: images/appA/edgecount_values_scatter.png used on input
 line 308.
(pdftex.def)             Requested size: 216.81pt x 162.6071pt.

<images/appA/Avgedgelength_values_scatter.png, id=670, 578.16pt x 433.62pt>
File: images/appA/Avgedgelength_values_scatter.png Graphic file (type png)

<use images/appA/Avgedgelength_values_scatter.png>
Package pdftex.def Info: images/appA/Avgedgelength_values_scatter.png used on i
nput line 314.
(pdftex.def)             Requested size: 216.81pt x 162.6071pt.


LaTeX Warning: `h' float specifier changed to `ht'.

<images/appA/SNR_values_scatter.png, id=671, 578.16pt x 433.62pt>
File: images/appA/SNR_values_scatter.png Graphic file (type png)

<use images/appA/SNR_values_scatter.png>
Package pdftex.def Info: images/appA/SNR_values_scatter.png used on input line 
325.
(pdftex.def)             Requested size: 216.81pt x 162.6071pt.

<images/appA/Entropyofnoise_values_scatter.png, id=672, 578.16pt x 433.62pt>
File: images/appA/Entropyofnoise_values_scatter.png Graphic file (type png)

<use images/appA/Entropyofnoise_values_scatter.png>
Package pdftex.def Info: images/appA/Entropyofnoise_values_scatter.png used on 
input line 331.
(pdftex.def)             Requested size: 216.81pt x 162.6071pt.


LaTeX Warning: `h' float specifier changed to `ht'.

) [33


 <./images/appA/Height_values_scatter.png> <./images/appA/Width_values_scatter.
png> <./images/appA/AspectRatio_values_scatter.png> <./images/appA/CompressionR
atio_values_scatter.png>] [34 <./images/appA/FileSize_values_scatter.png> <./im
ages/appA/ImageArea_values_scatter.png> <./images/appA/Entropyofcolorhistogram_
values_scatter.png> <./images/appA/Mean1_values_scatter.png> <./images/appA/Mea
n2_values_scatter.png> <./images/appA/Mean3_values_scatter.png>] [35 <./images/
appA/Skew1_values_scatter.png> <./images/appA/Skew2_values_scatter.png> <./imag
es/appA/Skew3_values_scatter.png> <./images/appA/Variance1_values_scatter.png> 
<./images/appA/Variance2_values_scatter.png> <./images/appA/Variance3_values_sc
atter.png>] [36 <./images/appA/kurtosis1_values_scatter.png> <./images/appA/kur
tosis2_values_scatter.png> <./images/appA/kurtosis3_values_scatter.png> <./imag
es/appA/HSV_values_scatter.png> <./images/appA/h_mean_values_scatter.png> <./im
ages/appA/s_mean_values_scatter.png>] [37 <./images/appA/i_mean_values_scatter.
png> <./images/appA/h_skew_values_scatter.png> <./images/appA/s_skew_values_sca
tter.png> <./images/appA/i_skew_values_scatter.png> <./images/appA/h_variance_v
alues_scatter.png> <./images/appA/s_variance_values_scatter.png>] [38 <./images
/appA/i_variance_values_scatter.png> <./images/appA/h_kurtosis_values_scatter.p
ng> <./images/appA/s_kurtosis_values_scatter.png> <./images/appA/i_kurtosis_val
ues_scatter.png> <./images/appA/EntropyofLBP_values_scatter.png> <./images/appA
/EntropyofHOG_values_scatter.png>] [39 <./images/appA/edgecount_values_scatter.
png> <./images/appA/Avgedgelength_values_scatter.png> <./images/appA/SNR_values
_scatter.png> <./images/appA/Entropyofnoise_values_scatter.png>]
No file thesisbib.bbl.
Package atveryend Info: Empty hook `BeforeClearDocument' on input line 170.
Package atveryend Info: Empty hook `AfterLastShipout' on input line 170.
(thesis.aux (1_chap.aux) (2_chap.aux) (3_chap.aux) (4_chap.aux) (5_chap.aux)
(6_chap.aux) (7_chap.aux) (8_chap.aux) (9_chap.aux) (appA.aux))
Package atveryend Info: Executing hook `AtVeryEndDocument' on input line 170.
Package atveryend Info: Executing hook `AtEndAfterFileList' on input line 170.
Package rerunfilecheck Info: File `thesis.out' has not changed.
(rerunfilecheck)             Checksum: B06E9D5DE628362FB6ED1E44BE7F360B;2311.


LaTeX Warning: There were undefined references.


LaTeX Warning: There were multiply-defined labels.

 
BibTeX Info: The commands to generate the bibliography and references are: 
 bibtex thesis
 bibtex thesisbib
 
\openout13 = `genbib.txt'.

 ) 
Here is how much of TeX's memory you used:
 41973 strings out of 493333
 927194 string characters out of 3139169
 1116870 words of memory out of 3000000
 44433 multiletter control sequences out of 15000+200000
 46995 words of font info for 88 fonts, out of 3000000 for 9000
 1141 hyphenation exceptions out of 8191
 62i,11n,96p,10451b,777s stack positions out of 5000i,500n,10000p,200000b,50000s
{C:/Program Files/MiKTeX 2.9/fonts/enc/dvips/lm/lm-ec.enc}{C:/Program Files/M
iKTeX 2.9/fonts/enc/dvips/lm/lm-mathex.enc}{C:/Program Files/MiKTeX 2.9/fonts/e
nc/dvips/lm/lm-rm.enc}{C:/Program Files/MiKTeX 2.9/fonts/enc/dvips/lm/lm-mathsy
.enc}{C:/Program Files/MiKTeX 2.9/fonts/enc/dvips/lm/lm-mathit.enc}{C:/Program 
Files/MiKTeX 2.9/fonts/enc/dvips/lm/lm-ts1.enc}<C:/Program Files/MiKTeX 2.9/fon
ts/type1/public/lm/lmbx12.pfb><C:/Program Files/MiKTeX 2.9/fonts/type1/public/l
m/lmex10.pfb><C:/Program Files/MiKTeX 2.9/fonts/type1/public/lm/lmmi12.pfb><C:/
Program Files/MiKTeX 2.9/fonts/type1/public/lm/lmmi8.pfb><C:/Program Files/MiKT
eX 2.9/fonts/type1/public/lm/lmr10.pfb><C:/Program Files/MiKTeX 2.9/fonts/type1
/public/lm/lmr12.pfb><C:/Program Files/MiKTeX 2.9/fonts/type1/public/lm/lmr8.pf
b><C:/Program Files/MiKTeX 2.9/fonts/type1/public/lm/lmri12.pfb><C:/Program Fil
es/MiKTeX 2.9/fonts/type1/public/lm/lmsy10.pfb>
Output written on thesis.pdf (50 pages, 6034584 bytes).
PDF statistics:
 813 PDF objects out of 1000 (max. 8388607)
 153 named destinations out of 1000 (max. 500000)
 12961 words of extra memory for PDF output out of 14400 (max. 10000000)

